#
# There is insufficient memory for the Java Runtime Environment to continue.
# Native memory allocation (mmap) failed to map 99614720 bytes for committing reserved memory.
# Possible reasons:
#   The system is out of physical RAM or swap space
#   In 32 bit mode, the process size limit was hit
# Possible solutions:
#   Reduce memory load on the system
#   Increase physical memory or swap space
#   Check if swap backing store is full
#   Use 64 bit Java on a 64 bit OS
#   Decrease Java heap size (-Xmx/-Xms)
#   Decrease number of Java threads
#   Decrease Java thread stack sizes (-Xss)
#   Set larger code cache with -XX:ReservedCodeCacheSize=
# This output file may be truncated or incomplete.
#
#  Out of Memory Error (os_linux.cpp:2640), pid=3098, tid=0x00007f6f2b9f9700
#
# JRE version: OpenJDK Runtime Environment (8.0_152-b06) (build 1.8.0_152-release-1136-b06)
# Java VM: OpenJDK 64-Bit Server VM (25.152-b06 mixed mode linux-amd64 compressed oops)
# Failed to write core dump. Core dumps have been disabled. To enable core dumping, try "ulimit -c unlimited" before starting Java again
#

---------------  T H R E A D  ---------------

Current thread (0x00007f6f48079000):  VMThread [stack: 0x00007f6f2b8fa000,0x00007f6f2b9fa000] [id=3106]

Stack: [0x00007f6f2b8fa000,0x00007f6f2b9fa000],  sp=0x00007f6f2b9f8520,  free space=1017k
Native frames: (J=compiled Java code, j=interpreted, Vv=VM code, C=native code)
V  [libjvm.so+0xa70d3f]  VMError::report_and_die()+0x2af
V  [libjvm.so+0x4c7207]  report_vm_out_of_memory(char const*, int, unsigned long, VMErrorType, char const*)+0x67
V  [libjvm.so+0x8b5b70]  os::pd_commit_memory(char*, unsigned long, unsigned long, bool)+0x100
V  [libjvm.so+0x8b078f]  os::commit_memory(char*, unsigned long, unsigned long, bool)+0x1f
V  [libjvm.so+0x92e446]  PSVirtualSpace::expand_by(unsigned long)+0x56
V  [libjvm.so+0x92f6d8]  PSYoungGen::resize(unsigned long, unsigned long)+0xd8
V  [libjvm.so+0x92be66]  PSScavenge::invoke_no_policy()+0x1356
V  [libjvm.so+0x92c20c]  PSScavenge::invoke()+0x4c
V  [libjvm.so+0x8dbda8]  ParallelScavengeHeap::failed_mem_allocate(unsigned long)+0x68
V  [libjvm.so+0xa72873]  VM_ParallelGCFailedAllocation::doit()+0x93
V  [libjvm.so+0xa778a6]  VM_Operation::evaluate()+0x46
V  [libjvm.so+0xa75102]  VMThread::evaluate_operation(VM_Operation*) [clone .constprop.31]+0xa2
V  [libjvm.so+0xa7652b]  VMThread::loop()+0x37b
V  [libjvm.so+0xa768d8]  VMThread::run()+0x78
V  [libjvm.so+0x8b3332]  java_start(Thread*)+0x102

VM_Operation (0x00007f6f28cb5920): ParallelGCFailedAllocation, mode: safepoint, requested by thread 0x00007f6ef0008000


---------------  P R O C E S S  ---------------

Java Threads: ( => current thread )
  0x00007f6edceda800 JavaThread "Build operations Thread 4" [_thread_blocked, id=3146, stack(0x00007f6ebb9fc000,0x00007f6ebbafd000)]
  0x00007f6edced9000 JavaThread "Build operations Thread 3" [_thread_blocked, id=3145, stack(0x00007f6ebbafd000,0x00007f6ebbbfe000)]
  0x00007f6edced7000 JavaThread "Build operations Thread 2" [_thread_blocked, id=3144, stack(0x00007f6ebbbfe000,0x00007f6ebbcff000)]
  0x00007f6edced5800 JavaThread "Build operations" [_thread_blocked, id=3143, stack(0x00007f6ebbcff000,0x00007f6ebbe00000)]
  0x00007f6edc684000 JavaThread "Cache worker for Artifact transforms cache (/home/ivianuu/.gradle/caches/transforms-1)" [_thread_blocked, id=3141, stack(0x00007f6ef84fc000,0x00007f6ef85fd000)]
  0x00007f6edc60b000 JavaThread "Cache worker for cache directory md-rule (/home/ivianuu/.gradle/caches/4.10/md-rule)" [_thread_blocked, id=3140, stack(0x00007f6ef85fd000,0x00007f6ef86fe000)]
  0x00007f6edc5e6000 JavaThread "Cache worker for cache directory md-supplier (/home/ivianuu/.gradle/caches/4.10/md-supplier)" [_thread_blocked, id=3139, stack(0x00007f6ef86fe000,0x00007f6ef87ff000)]
  0x00007f6ecc005800 JavaThread "File lock release action executor" [_thread_blocked, id=3138, stack(0x00007f6f2803c000,0x00007f6f2813d000)]
  0x00007f6edc31f800 JavaThread "Cache worker for journal cache (/home/ivianuu/.gradle/caches/journal-1)" [_thread_blocked, id=3136, stack(0x00007f6f281b6000,0x00007f6f282b7000)]
  0x00007f6edc303000 JavaThread "Cache worker for file hash cache (/home/ivianuu/StudioProjects/Essentials/.gradle/4.10/fileHashes)" [_thread_blocked, id=3134, stack(0x00007f6f282b7000,0x00007f6f283b8000)]
  0x00007f6edc247000 JavaThread "File lock request listener" [_thread_in_native, id=3132, stack(0x00007f6f285b8000,0x00007f6f286b9000)]
  0x00007f6edc23e800 JavaThread "Cache worker for file hash cache (/home/ivianuu/.gradle/caches/4.10/fileHashes)" [_thread_blocked, id=3131, stack(0x00007f6f286b9000,0x00007f6f287ba000)]
  0x00007f6edc013800 JavaThread "Stdin handler" [_thread_blocked, id=3124, stack(0x00007f6f289ba000,0x00007f6f28abb000)]
  0x00007f6edc012000 JavaThread "Asynchronous log dispatcher for DefaultDaemonConnection: socket connection from /127.0.0.1:32769 to /127.0.0.1:34022" [_thread_blocked, id=3123, stack(0x00007f6f28abb000,0x00007f6f28bbc000)]
  0x00007f6ef0008000 JavaThread "Daemon worker" [_thread_blocked, id=3120, stack(0x00007f6f28bbc000,0x00007f6f28cbd000)]
  0x00007f6ef0006800 JavaThread "Cancel handler" [_thread_blocked, id=3119, stack(0x00007f6f28cbd000,0x00007f6f28dbe000)]
  0x00007f6ef0004000 JavaThread "Handler for socket connection from /127.0.0.1:32769 to /127.0.0.1:34022" [_thread_in_native, id=3118, stack(0x00007f6f28dbe000,0x00007f6f28ebf000)]
  0x00007f6ef402e000 JavaThread "Daemon" [_thread_blocked, id=3117, stack(0x00007f6f28ebf000,0x00007f6f28fc0000)]
  0x00007f6f48341800 JavaThread "Daemon periodic checks" [_thread_blocked, id=3116, stack(0x00007f6f28fc0000,0x00007f6f290c1000)]
  0x00007f6f48ed8000 JavaThread "Incoming local TCP Connector on port 32769" [_thread_in_native, id=3115, stack(0x00007f6f290c8000,0x00007f6f291c9000)]
  0x00007f6f480ca800 JavaThread "Service Thread" daemon [_thread_blocked, id=3113, stack(0x00007f6f2a823000,0x00007f6f2a924000)]
  0x00007f6f480bf000 JavaThread "C1 CompilerThread2" daemon [_thread_blocked, id=3112, stack(0x00007f6f2a925000,0x00007f6f2aa25000)]
  0x00007f6f480bd800 JavaThread "C2 CompilerThread1" daemon [_thread_blocked, id=3111, stack(0x00007f6f2aa26000,0x00007f6f2ab26000)]
  0x00007f6f480ba800 JavaThread "C2 CompilerThread0" daemon [_thread_blocked, id=3110, stack(0x00007f6f2ab27000,0x00007f6f2ac27000)]
  0x00007f6f480b9000 JavaThread "Signal Dispatcher" daemon [_thread_blocked, id=3109, stack(0x00007f6f2ac27000,0x00007f6f2ad28000)]
  0x00007f6f48085000 JavaThread "Finalizer" daemon [_thread_blocked, id=3108, stack(0x00007f6f2b6f7000,0x00007f6f2b7f8000)]
  0x00007f6f48080800 JavaThread "Reference Handler" daemon [_thread_blocked, id=3107, stack(0x00007f6f2b7f8000,0x00007f6f2b8f9000)]
  0x00007f6f4800b800 JavaThread "main" [_thread_blocked, id=3101, stack(0x00007f6f503c0000,0x00007f6f504c0000)]

Other Threads:
=>0x00007f6f48079000 VMThread [stack: 0x00007f6f2b8fa000,0x00007f6f2b9fa000] [id=3106]
  0x00007f6f480cd000 WatcherThread [stack: 0x00007f6f2a723000,0x00007f6f2a823000] [id=3114]

VM state:at safepoint (normal execution)

VM Mutex/Monitor currently owned by a thread:  ([mutex/lock_event])
[0x00007f6f48007be0] Threads_lock - owner thread: 0x00007f6f48079000
[0x00007f6f480080e0] Heap_lock - owner thread: 0x00007f6ef0008000

Heap:
 PSYoungGen      total 128000K, used 10220K [0x00000000d7180000, 0x00000000dfe00000, 0x0000000100000000)
  eden space 117760K, 0% used [0x00000000d7180000,0x00000000d7180000,0x00000000de480000)
  from space 10240K, 99% used [0x00000000dea00000,0x00000000df3fb388,0x00000000df400000)
  to   space 6144K, 0% used [0x00000000df800000,0x00000000df800000,0x00000000dfe00000)
 ParOldGen       total 51200K, used 12401K [0x0000000085400000, 0x0000000088600000, 0x00000000d7180000)
  object space 51200K, 24% used [0x0000000085400000,0x000000008601c558,0x0000000088600000)
 Metaspace       used 33624K, capacity 34122K, committed 34304K, reserved 1079296K
  class space    used 4884K, capacity 5101K, committed 5120K, reserved 1048576K

Card table byte_map: [0x00007f6f4cd4e000,0x00007f6f4d125000] byte_map_base: 0x00007f6f4c924000

Marking Bits: (ParMarkBitMap*) 0x00007f6f4f866160
 Begin Bits: [0x00007f6f302a0000, 0x00007f6f32150000)
 End Bits:   [0x00007f6f32150000, 0x00007f6f34000000)

Polling page: 0x00007f6f504d5000

CodeCache: size=245760Kb used=8218Kb max_used=8522Kb free=237541Kb
 bounds [0x00007f6f39000000, 0x00007f6f39880000, 0x00007f6f48000000]
 total_blobs=2808 nmethods=2363 adapters=359
 compilation: enabled

Compilation events (10 events):
Event: 37,469 Thread 0x00007f6f480bf000 nmethod 2574 0x00007f6f39132a50 code [0x00007f6f39132bc0, 0x00007f6f39132e48]
Event: 37,477 Thread 0x00007f6f480bf000 2576       3       org.gradle.api.internal.AbstractClassGenerator$PropertyMetaData::addSetter (12 bytes)
Event: 37,477 Thread 0x00007f6f480bf000 nmethod 2576 0x00007f6f39153850 code [0x00007f6f391539c0, 0x00007f6f39153be8]
Event: 37,477 Thread 0x00007f6f480bf000 2577       3       com.google.common.collect.LinkedHashMultimap$ValueEntry::setSuccessorInValueSet (6 bytes)
Event: 37,477 Thread 0x00007f6f480bf000 nmethod 2577 0x00007f6f391534d0 code [0x00007f6f39153620, 0x00007f6f39153790]
Event: 37,477 Thread 0x00007f6f480bf000 2578       3       com.google.common.collect.Hashing::needsResizing (23 bytes)
Event: 37,477 Thread 0x00007f6f480ba800 2579       4       org.objectweb.asm.ByteVector::put122 (93 bytes)
Event: 37,479 Thread 0x00007f6f480bf000 nmethod 2578 0x00007f6f392f2dd0 code [0x00007f6f392f2f40, 0x00007f6f392f3150]
Event: 37,481 Thread 0x00007f6f480bf000 2580       1       com.google.common.cache.CacheBuilder$OneWeigher::weigh (2 bytes)
Event: 37,481 Thread 0x00007f6f480bf000 nmethod 2580 0x00007f6f39132750 code [0x00007f6f391328a0, 0x00007f6f391329b0]

GC Heap History (10 events):
Event: 3,454 GC heap after
Heap after GC invocations=3 (full 0):
 PSYoungGen      total 36864K, used 5091K [0x00000000d7180000, 0x00000000db980000, 0x0000000100000000)
  eden space 31744K, 0% used [0x00000000d7180000,0x00000000d7180000,0x00000000d9080000)
  from space 5120K, 99% used [0x00000000d9080000,0x00000000d9578f90,0x00000000d9580000)
  to   space 5120K, 0% used [0x00000000db480000,0x00000000db480000,0x00000000db980000)
 ParOldGen       total 84992K, used 1897K [0x0000000085400000, 0x000000008a700000, 0x00000000d7180000)
  object space 84992K, 2% used [0x0000000085400000,0x00000000855da470,0x000000008a700000)
 Metaspace       used 13127K, capacity 13392K, committed 13568K, reserved 1060864K
  class space    used 1868K, capacity 1984K, committed 2048K, reserved 1048576K
}
Event: 24,626 GC heap before
{Heap before GC invocations=4 (full 0):
 PSYoungGen      total 36864K, used 36835K [0x00000000d7180000, 0x00000000db980000, 0x0000000100000000)
  eden space 31744K, 100% used [0x00000000d7180000,0x00000000d9080000,0x00000000d9080000)
  from space 5120K, 99% used [0x00000000d9080000,0x00000000d9578f90,0x00000000d9580000)
  to   space 5120K, 0% used [0x00000000db480000,0x00000000db480000,0x00000000db980000)
 ParOldGen       total 84992K, used 1897K [0x0000000085400000, 0x000000008a700000, 0x00000000d7180000)
  object space 84992K, 2% used [0x0000000085400000,0x00000000855da470,0x000000008a700000)
 Metaspace       used 16241K, capacity 16544K, committed 16896K, reserved 1062912K
  class space    used 2354K, capacity 2506K, committed 2560K, reserved 1048576K
Event: 24,645 GC heap after
Heap after GC invocations=4 (full 0):
 PSYoungGen      total 68608K, used 5088K [0x00000000d7180000, 0x00000000db980000, 0x0000000100000000)
  eden space 63488K, 0% used [0x00000000d7180000,0x00000000d7180000,0x00000000daf80000)
  from space 5120K, 99% used [0x00000000db480000,0x00000000db978030,0x00000000db980000)
  to   space 5120K, 0% used [0x00000000daf80000,0x00000000daf80000,0x00000000db480000)
 ParOldGen       total 84992K, used 4740K [0x0000000085400000, 0x000000008a700000, 0x00000000d7180000)
  object space 84992K, 5% used [0x0000000085400000,0x00000000858a11d8,0x000000008a700000)
 Metaspace       used 16241K, capacity 16544K, committed 16896K, reserved 1062912K
  class space    used 2354K, capacity 2506K, committed 2560K, reserved 1048576K
}
Event: 25,321 GC heap before
{Heap before GC invocations=5 (full 0):
 PSYoungGen      total 68608K, used 32209K [0x00000000d7180000, 0x00000000db980000, 0x0000000100000000)
  eden space 63488K, 42% used [0x00000000d7180000,0x00000000d8bfc590,0x00000000daf80000)
  from space 5120K, 99% used [0x00000000db480000,0x00000000db978030,0x00000000db980000)
  to   space 5120K, 0% used [0x00000000daf80000,0x00000000daf80000,0x00000000db480000)
 ParOldGen       total 84992K, used 4740K [0x0000000085400000, 0x000000008a700000, 0x00000000d7180000)
  object space 84992K, 5% used [0x0000000085400000,0x00000000858a11d8,0x000000008a700000)
 Metaspace       used 20782K, capacity 21126K, committed 21248K, reserved 1067008K
  class space    used 2912K, capacity 3051K, committed 3072K, reserved 1048576K
Event: 25,360 GC heap after
Heap after GC invocations=5 (full 0):
 PSYoungGen      total 68608K, used 5108K [0x00000000d7180000, 0x00000000e0280000, 0x0000000100000000)
  eden space 63488K, 0% used [0x00000000d7180000,0x00000000d7180000,0x00000000daf80000)
  from space 5120K, 99% used [0x00000000daf80000,0x00000000db47d050,0x00000000db480000)
  to   space 10752K, 0% used [0x00000000df800000,0x00000000df800000,0x00000000e0280000)
 ParOldGen       total 84992K, used 8820K [0x0000000085400000, 0x000000008a700000, 0x00000000d7180000)
  object space 84992K, 10% used [0x0000000085400000,0x0000000085c9d230,0x000000008a700000)
 Metaspace       used 20782K, capacity 21126K, committed 21248K, reserved 1067008K
  class space    used 2912K, capacity 3051K, committed 3072K, reserved 1048576K
}
Event: 25,360 GC heap before
{Heap before GC invocations=6 (full 1):
 PSYoungGen      total 68608K, used 5108K [0x00000000d7180000, 0x00000000e0280000, 0x0000000100000000)
  eden space 63488K, 0% used [0x00000000d7180000,0x00000000d7180000,0x00000000daf80000)
  from space 5120K, 99% used [0x00000000daf80000,0x00000000db47d050,0x00000000db480000)
  to   space 10752K, 0% used [0x00000000df800000,0x00000000df800000,0x00000000e0280000)
 ParOldGen       total 84992K, used 8820K [0x0000000085400000, 0x000000008a700000, 0x00000000d7180000)
  object space 84992K, 10% used [0x0000000085400000,0x0000000085c9d230,0x000000008a700000)
 Metaspace       used 20782K, capacity 21126K, committed 21248K, reserved 1067008K
  class space    used 2912K, capacity 3051K, committed 3072K, reserved 1048576K
Event: 25,463 GC heap after
Heap after GC invocations=6 (full 1):
 PSYoungGen      total 68608K, used 0K [0x00000000d7180000, 0x00000000e0280000, 0x0000000100000000)
  eden space 63488K, 0% used [0x00000000d7180000,0x00000000d7180000,0x00000000daf80000)
  from space 5120K, 0% used [0x00000000daf80000,0x00000000daf80000,0x00000000db480000)
  to   space 10752K, 0% used [0x00000000df800000,0x00000000df800000,0x00000000e0280000)
 ParOldGen       total 51200K, used 9147K [0x0000000085400000, 0x0000000088600000, 0x00000000d7180000)
  object space 51200K, 17% used [0x0000000085400000,0x0000000085ceed98,0x0000000088600000)
 Metaspace       used 20782K, capacity 21126K, committed 21248K, reserved 1067008K
  class space    used 2912K, capacity 3051K, committed 3072K, reserved 1048576K
}
Event: 27,107 GC heap before
{Heap before GC invocations=7 (full 1):
 PSYoungGen      total 68608K, used 63488K [0x00000000d7180000, 0x00000000e0280000, 0x0000000100000000)
  eden space 63488K, 100% used [0x00000000d7180000,0x00000000daf80000,0x00000000daf80000)
  from space 5120K, 0% used [0x00000000daf80000,0x00000000daf80000,0x00000000db480000)
  to   space 10752K, 0% used [0x00000000df800000,0x00000000df800000,0x00000000e0280000)
 ParOldGen       total 51200K, used 9147K [0x0000000085400000, 0x0000000088600000, 0x00000000d7180000)
  object space 51200K, 17% used [0x0000000085400000,0x0000000085ceed98,0x0000000088600000)
 Metaspace       used 25474K, capacity 25790K, committed 26240K, reserved 1071104K
  class space    used 3698K, capacity 3855K, committed 3968K, reserved 1048576K
Event: 27,152 GC heap after
Heap after GC invocations=7 (full 1):
 PSYoungGen      total 123904K, used 6049K [0x00000000d7180000, 0x00000000dfe00000, 0x0000000100000000)
  eden space 117760K, 0% used [0x00000000d7180000,0x00000000d7180000,0x00000000de480000)
  from space 6144K, 98% used [0x00000000df800000,0x00000000dfde8650,0x00000000dfe00000)
  to   space 10240K, 0% used [0x00000000dea00000,0x00000000dea00000,0x00000000df400000)
 ParOldGen       total 51200K, used 9155K [0x0000000085400000, 0x0000000088600000, 0x00000000d7180000)
  object space 51200K, 17% used [0x0000000085400000,0x0000000085cf0d98,0x0000000088600000)
 Metaspace       used 25474K, capacity 25790K, committed 26240K, reserved 1071104K
  class space    used 3698K, capacity 3855K, committed 3968K, reserved 1048576K
}
Event: 37,488 GC heap before
{Heap before GC invocations=8 (full 1):
 PSYoungGen      total 123904K, used 123809K [0x00000000d7180000, 0x00000000dfe00000, 0x0000000100000000)
  eden space 117760K, 100% used [0x00000000d7180000,0x00000000de480000,0x00000000de480000)
  from space 6144K, 98% used [0x00000000df800000,0x00000000dfde8650,0x00000000dfe00000)
  to   space 10240K, 0% used [0x00000000dea00000,0x00000000dea00000,0x00000000df400000)
 ParOldGen       total 51200K, used 9155K [0x0000000085400000, 0x0000000088600000, 0x00000000d7180000)
  object space 51200K, 17% used [0x0000000085400000,0x0000000085cf0d98,0x0000000088600000)
 Metaspace       used 33624K, capacity 34122K, committed 34304K, reserved 1079296K
  class space    used 4884K, capacity 5101K, committed 5120K, reserved 1048576K

Deoptimization events (10 events):
Event: 36,676 Thread 0x00007f6ef0008000 Uncommon trap: reason=unstable_if action=reinterpret pc=0x00007f6f39451a24 method=java.util.concurrent.ConcurrentHashMap.putVal(Ljava/lang/Object;Ljava/lang/Object;Z)Ljava/lang/Object; @ 98
Event: 36,759 Thread 0x00007f6ef0008000 Uncommon trap: reason=bimorphic action=maybe_recompile pc=0x00007f6f3953a2c8 method=java.lang.ClassLoader.getPackage(Ljava/lang/String;)Ljava/lang/Package; @ 47
Event: 36,759 Thread 0x00007f6ef0008000 Uncommon trap: reason=bimorphic action=maybe_recompile pc=0x00007f6f3953a2c8 method=java.lang.ClassLoader.getPackage(Ljava/lang/String;)Ljava/lang/Package; @ 47
Event: 36,759 Thread 0x00007f6ef0008000 Uncommon trap: reason=bimorphic action=maybe_recompile pc=0x00007f6f3953a2c8 method=java.lang.ClassLoader.getPackage(Ljava/lang/String;)Ljava/lang/Package; @ 47
Event: 36,759 Thread 0x00007f6ef0008000 Uncommon trap: reason=bimorphic action=maybe_recompile pc=0x00007f6f3953a2c8 method=java.lang.ClassLoader.getPackage(Ljava/lang/String;)Ljava/lang/Package; @ 47
Event: 36,813 Thread 0x00007f6ef0008000 Uncommon trap: reason=unstable_if action=reinterpret pc=0x00007f6f395df998 method=org.objectweb.asm.ByteVector.putUTF8(Ljava/lang/String;)Lorg/objectweb/asm/ByteVector; @ 91
Event: 36,818 Thread 0x00007f6ef0008000 Uncommon trap: reason=unstable_if action=reinterpret pc=0x00007f6f3955ce8c method=org.objectweb.asm.ByteVector.putUTF8(Ljava/lang/String;)Lorg/objectweb/asm/ByteVector; @ 91
Event: 37,224 Thread 0x00007f6ef0008000 Uncommon trap: reason=class_check action=maybe_recompile pc=0x00007f6f394d49c8 method=sun.misc.URLClassPath.getLoader(I)Lsun/misc/URLClassPath$Loader; @ 94
Event: 37,225 Thread 0x00007f6ef0008000 Uncommon trap: reason=class_check action=maybe_recompile pc=0x00007f6f394d4bc0 method=sun.misc.URLClassPath.getLoader(I)Lsun/misc/URLClassPath$Loader; @ 239
Event: 37,449 Thread 0x00007f6ef0008000 Uncommon trap: reason=unstable_if action=reinterpret pc=0x00007f6f391be904 method=org.gradle.internal.reflect.PropertyAccessorType.of(Ljava/lang/reflect/Method;)Lorg/gradle/internal/reflect/PropertyAccessorType; @ 4

Classes redefined (0 events):
No events

Internal exceptions (10 events):
Event: 36,946 Thread 0x00007f6ef0008000 Exception <a 'java/lang/ClassNotFoundException': org/gradle/api/internal/project/DefaultProject_DecoratedBeanInfo> (0x00000000dc502278) thrown at [/usr/local/google/home/ralucas/source/AOSP-openjdk-git/jdk8u/hotspot/src/share/vm/classfile/systemDictionary
Event: 36,947 Thread 0x00007f6ef0008000 Exception <a 'java/lang/ClassNotFoundException': org/gradle/api/internal/project/DefaultProjectBeanInfo> (0x00000000dc532568) thrown at [/usr/local/google/home/ralucas/source/AOSP-openjdk-git/jdk8u/hotspot/src/share/vm/classfile/systemDictionary.cpp, line
Event: 36,948 Thread 0x00007f6ef0008000 Exception <a 'java/lang/ClassNotFoundException': org/gradle/api/internal/project/AbstractPluginAwareBeanInfo> (0x00000000dc565f90) thrown at [/usr/local/google/home/ralucas/source/AOSP-openjdk-git/jdk8u/hotspot/src/share/vm/classfile/systemDictionary.cpp,
Event: 36,949 Thread 0x00007f6ef0008000 Exception <a 'java/lang/ClassNotFoundException': org/gradle/api/internal/project/AbstractPluginAwareCustomizer> (0x00000000dc59a6a8) thrown at [/usr/local/google/home/ralucas/source/AOSP-openjdk-git/jdk8u/hotspot/src/share/vm/classfile/systemDictionary.cp
Event: 36,950 Thread 0x00007f6ef0008000 Exception <a 'java/lang/ClassNotFoundException': org/gradle/api/internal/project/DefaultProjectCustomizer> (0x00000000dc5d30d0) thrown at [/usr/local/google/home/ralucas/source/AOSP-openjdk-git/jdk8u/hotspot/src/share/vm/classfile/systemDictionary.cpp, li
Event: 36,959 Thread 0x00007f6ef0008000 Exception <a 'java/lang/ClassNotFoundException': org/gradle/api/internal/project/DefaultProject_DecoratedCustomizer> (0x00000000dc6dae30) thrown at [/usr/local/google/home/ralucas/source/AOSP-openjdk-git/jdk8u/hotspot/src/share/vm/classfile/systemDictiona
Event: 36,986 Thread 0x00007f6ef0008000 Exception <a 'java/lang/ClassNotFoundException': org/gradle/api/plugins/BasePluginConventionBeanInfo> (0x00000000dc7f4560) thrown at [/usr/local/google/home/ralucas/source/AOSP-openjdk-git/jdk8u/hotspot/src/share/vm/classfile/systemDictionary.cpp, line 21
Event: 36,987 Thread 0x00007f6ef0008000 Exception <a 'java/lang/ClassNotFoundException': org/gradle/api/plugins/BasePluginConventionCustomizer> (0x00000000dc8359a8) thrown at [/usr/local/google/home/ralucas/source/AOSP-openjdk-git/jdk8u/hotspot/src/share/vm/classfile/systemDictionary.cpp, line 
Event: 37,001 Thread 0x00007f6ef0008000 Exception <a 'java/lang/ClassNotFoundException': org/gradle/api/plugins/JavaPluginConventionBeanInfo> (0x00000000dc8a9fe0) thrown at [/usr/local/google/home/ralucas/source/AOSP-openjdk-git/jdk8u/hotspot/src/share/vm/classfile/systemDictionary.cpp, line 21
Event: 37,002 Thread 0x00007f6ef0008000 Exception <a 'java/lang/ClassNotFoundException': org/gradle/api/plugins/JavaPluginConventionCustomizer> (0x00000000dc8eb428) thrown at [/usr/local/google/home/ralucas/source/AOSP-openjdk-git/jdk8u/hotspot/src/share/vm/classfile/systemDictionary.cpp, line 

Events (10 events):
Event: 37,475 loading class org/gradle/api/tasks/compile/GroovyCompileOptions done
Event: 37,476 loading class org/gradle/api/internal/tasks/compile/DefaultGroovyJavaJointCompileSpec
Event: 37,476 loading class org/gradle/api/internal/tasks/compile/DefaultGroovyJavaJointCompileSpec done
Event: 37,480 loading class org/gradle/api/tasks/compile/GroovyForkOptions
Event: 37,480 loading class org/gradle/api/tasks/compile/GroovyForkOptions done
Event: 37,481 loading class org/gradle/api/plugins/GroovyBasePlugin$1$1
Event: 37,481 loading class org/gradle/api/plugins/GroovyBasePlugin$1$1 done
Event: 37,483 loading class org/gradle/api/plugins/internal/SourceSetUtil$1
Event: 37,483 loading class org/gradle/api/plugins/internal/SourceSetUtil$1 done
Event: 37,486 Executing VM operation: ParallelGCFailedAllocation


Dynamic libraries:
85400000-88600000 rw-p 00000000 00:00 0 
88600000-d7180000 ---p 00000000 00:00 0 
d7180000-dfe00000 rw-p 00000000 00:00 0 
e5d00000-100000000 ---p 00000000 00:00 0 
100000000-100500000 rw-p 00000000 00:00 0 
100500000-140000000 ---p 00000000 00:00 0 
558771304000-558771305000 r-xp 00000000 08:02 6687020                    /home/ivianuu/android-studio/jre/bin/java
558771504000-558771505000 r--p 00000000 08:02 6687020                    /home/ivianuu/android-studio/jre/bin/java
558771505000-558771506000 rw-p 00001000 08:02 6687020                    /home/ivianuu/android-studio/jre/bin/java
558773050000-558773071000 rw-p 00000000 00:00 0                          [heap]
7f6eb0000000-7f6eb0021000 rw-p 00000000 00:00 0 
7f6eb0021000-7f6eb4000000 ---p 00000000 00:00 0 
7f6eb4000000-7f6eb4021000 rw-p 00000000 00:00 0 
7f6eb4021000-7f6eb8000000 ---p 00000000 00:00 0 
7f6ebb635000-7f6ebb6b5000 rw-p 00000000 00:00 0 
7f6ebb6b5000-7f6ebb835000 ---p 00000000 00:00 0 
7f6ebb835000-7f6ebb9fc000 r--s 01937000 08:02 2362873                    /home/ivianuu/.gradle/caches/modules-2/files-2.1/org.jetbrains.kotlin/kotlin-compiler-embeddable/1.2.60/98ce8533623aaa36e121844ffddee04fdf401e90/kotlin-compiler-embeddable-1.2.60.jar
7f6ebb9fc000-7f6ebb9ff000 ---p 00000000 00:00 0 
7f6ebb9ff000-7f6ebbafd000 rw-p 00000000 00:00 0 
7f6ebbafd000-7f6ebbb00000 ---p 00000000 00:00 0 
7f6ebbb00000-7f6ebbbfe000 rw-p 00000000 00:00 0 
7f6ebbbfe000-7f6ebbc01000 ---p 00000000 00:00 0 
7f6ebbc01000-7f6ebbcff000 rw-p 00000000 00:00 0 
7f6ebbcff000-7f6ebbd02000 ---p 00000000 00:00 0 
7f6ebbd02000-7f6ebc000000 rw-p 00000000 00:00 0 
7f6ebc000000-7f6ebc021000 rw-p 00000000 00:00 0 
7f6ebc021000-7f6ec0000000 ---p 00000000 00:00 0 
7f6ec0000000-7f6ec0021000 rw-p 00000000 00:00 0 
7f6ec0021000-7f6ec4000000 ---p 00000000 00:00 0 
7f6ec4000000-7f6ec4021000 rw-p 00000000 00:00 0 
7f6ec4021000-7f6ec8000000 ---p 00000000 00:00 0 
7f6ec8000000-7f6ec8021000 rw-p 00000000 00:00 0 
7f6ec8021000-7f6ecc000000 ---p 00000000 00:00 0 
7f6ecc000000-7f6ecc021000 rw-p 00000000 00:00 0 
7f6ecc021000-7f6ed0000000 ---p 00000000 00:00 0 
7f6ed0000000-7f6ed0021000 rw-p 00000000 00:00 0 
7f6ed0021000-7f6ed4000000 ---p 00000000 00:00 0 
7f6ed4000000-7f6ed4021000 rw-p 00000000 00:00 0 
7f6ed4021000-7f6ed8000000 ---p 00000000 00:00 0 
7f6ed8000000-7f6ed8021000 rw-p 00000000 00:00 0 
7f6ed8021000-7f6edc000000 ---p 00000000 00:00 0 
7f6edc000000-7f6edd0d9000 rw-p 00000000 00:00 0 
7f6edd0d9000-7f6ee0000000 ---p 00000000 00:00 0 
7f6ee0000000-7f6ee0405000 rw-p 00000000 00:00 0 
7f6ee0405000-7f6ee4000000 ---p 00000000 00:00 0 
7f6ee4000000-7f6ee4024000 rw-p 00000000 00:00 0 
7f6ee4024000-7f6ee8000000 ---p 00000000 00:00 0 
7f6ee8000000-7f6ee8021000 rw-p 00000000 00:00 0 
7f6ee8021000-7f6eec000000 ---p 00000000 00:00 0 
7f6eec000000-7f6eec021000 rw-p 00000000 00:00 0 
7f6eec021000-7f6ef0000000 ---p 00000000 00:00 0 
7f6ef0000000-7f6ef0021000 rw-p 00000000 00:00 0 
7f6ef0021000-7f6ef4000000 ---p 00000000 00:00 0 
7f6ef4000000-7f6ef4069000 rw-p 00000000 00:00 0 
7f6ef4069000-7f6ef8000000 ---p 00000000 00:00 0 
7f6ef80b7000-7f6ef80c1000 r--s 00084000 08:02 2362881                    /home/ivianuu/.gradle/caches/modules-2/files-2.1/org.jetbrains.kotlin/kotlin-daemon-client/1.2.60/1a17e9d6ebff47bd8dc8a24d0e4063a4ddc22e84/kotlin-daemon-client-1.2.60.jar
7f6ef80c1000-7f6ef80c7000 r--s 0004d000 08:02 2362880                    /home/ivianuu/.gradle/caches/modules-2/files-2.1/org.jetbrains.kotlin/kotlin-build-common/1.2.60/d8851797fdab76067e479be29bfb66889078f7fd/kotlin-build-common-1.2.60.jar
7f6ef80c7000-7f6ef80fc000 r--s 00241000 08:02 2362872                    /home/ivianuu/.gradle/caches/modules-2/files-2.1/org.jetbrains.kotlin/kotlin-reflect/1.2.60/33af8b35817e4c97a477a6a324032e0591d04f36/kotlin-reflect-1.2.60.jar
7f6ef80fc000-7f6ef82fc000 rw-p 00000000 00:00 0 
7f6ef82fc000-7f6ef84fc000 rw-p 00000000 00:00 0 
7f6ef84fc000-7f6ef84ff000 ---p 00000000 00:00 0 
7f6ef84ff000-7f6ef85fd000 rw-p 00000000 00:00 0 
7f6ef85fd000-7f6ef8600000 ---p 00000000 00:00 0 
7f6ef8600000-7f6ef86fe000 rw-p 00000000 00:00 0 
7f6ef86fe000-7f6ef8701000 ---p 00000000 00:00 0 
7f6ef8701000-7f6ef89ff000 rw-p 00000000 00:00 0 
7f6ef89ff000-7f6ef8bff000 rw-p 00000000 00:00 0 
7f6ef8bff000-7f6ef8dff000 rw-p 00000000 00:00 0 
7f6ef8dff000-7f6ef8fff000 rw-p 00000000 00:00 0 
7f6ef8fff000-7f6efc000000 rw-p 00000000 00:00 0 
7f6efc000000-7f6efc021000 rw-p 00000000 00:00 0 
7f6efc021000-7f6f00000000 ---p 00000000 00:00 0 
7f6f00000000-7f6f00021000 rw-p 00000000 00:00 0 
7f6f00021000-7f6f04000000 ---p 00000000 00:00 0 
7f6f04000000-7f6f05ea1000 rw-p 00000000 00:00 0 
7f6f05ea1000-7f6f08000000 ---p 00000000 00:00 0 
7f6f08000000-7f6f08975000 rw-p 00000000 00:00 0 
7f6f08975000-7f6f0c000000 ---p 00000000 00:00 0 
7f6f0c000000-7f6f0c021000 rw-p 00000000 00:00 0 
7f6f0c021000-7f6f10000000 ---p 00000000 00:00 0 
7f6f10000000-7f6f1229f000 rw-p 00000000 00:00 0 
7f6f1229f000-7f6f14000000 ---p 00000000 00:00 0 
7f6f14000000-7f6f14021000 rw-p 00000000 00:00 0 
7f6f14021000-7f6f18000000 ---p 00000000 00:00 0 
7f6f18000000-7f6f18021000 rw-p 00000000 00:00 0 
7f6f18021000-7f6f1c000000 ---p 00000000 00:00 0 
7f6f1c000000-7f6f1c021000 rw-p 00000000 00:00 0 
7f6f1c021000-7f6f20000000 ---p 00000000 00:00 0 
7f6f20000000-7f6f20287000 rw-p 00000000 00:00 0 
7f6f20287000-7f6f24000000 ---p 00000000 00:00 0 
7f6f24000000-7f6f24021000 rw-p 00000000 00:00 0 
7f6f24021000-7f6f28000000 ---p 00000000 00:00 0 
7f6f28001000-7f6f28003000 r--s 00009000 08:02 2362879                    /home/ivianuu/.gradle/caches/modules-2/files-2.1/org.jetbrains.kotlin/kotlin-script-runtime/1.2.60/f27ad40614f3519cc7b865fc6360b2d7de64f694/kotlin-script-runtime-1.2.60.jar
7f6f28003000-7f6f28005000 r--s 00003000 08:02 2362878                    /home/ivianuu/.gradle/caches/modules-2/files-2.1/org.jetbrains/annotations/13.0/919f0dfe192fb4e063e7dacadee7f8bb9a2672a9/annotations-13.0.jar
7f6f28005000-7f6f2800b000 r--s 00015000 08:02 2362877                    /home/ivianuu/.gradle/caches/modules-2/files-2.1/org.jetbrains.kotlin/kotlin-stdlib-common/1.2.60/d95e6419da840e672342e5d4348f0bdd1d58b84d/kotlin-stdlib-common-1.2.60.jar
7f6f2800b000-7f6f2800c000 r--s 00005000 08:02 2362876                    /home/ivianuu/.gradle/caches/modules-2/files-2.1/org.jetbrains.kotlin/kotlin-compiler-runner/1.2.60/ea3eb364b72be68a73a1c8a2926ba8885b0753d4/kotlin-compiler-runner-1.2.60.jar
7f6f2800c000-7f6f2801c000 r--s 000db000 08:02 2362874                    /home/ivianuu/.gradle/caches/modules-2/files-2.1/org.jetbrains.kotlin/kotlin-stdlib/1.2.60/391695759d8fc80042c2c11bc19fc6f2787be495/kotlin-stdlib-1.2.60.jar
7f6f2801c000-7f6f28024000 r--s 0004a000 08:02 2362871                    /home/ivianuu/.gradle/caches/modules-2/files-2.1/org.jetbrains.kotlin/kotlin-android-extensions/1.2.60/69596054ff0e04bb3f38cd906dce6854a9d3438d/kotlin-android-extensions-1.2.60.jar
7f6f28024000-7f6f28029000 r--s 00043000 08:02 2362875                    /home/ivianuu/.gradle/caches/modules-2/files-2.1/org.jetbrains.kotlin/kotlin-annotation-processing-gradle/1.2.60/6b880300d011dfc5962e8f24b6f9b7218516108/kotlin-annotation-processing-gradle-1.2.60.jar
7f6f28029000-7f6f2802a000 r--s 00002000 08:02 2362870                    /home/ivianuu/.gradle/caches/modules-2/files-2.1/org.jetbrains.kotlin/kotlin-gradle-plugin-api/1.2.60/84e6172e7e17d67dadd15098664e145495a9ea72/kotlin-gradle-plugin-api-1.2.60.jar
7f6f2802a000-7f6f2802b000 r--s 00000000 08:02 2362882                    /home/ivianuu/.gradle/caches/modules-2/files-2.1/org.jetbrains.kotlin/kotlin-stdlib-jdk7/1.2.60/31f1ea280ab4942ed25f91760d7170c41f78d06f/kotlin-stdlib-jdk7-1.2.60.jar
7f6f2802b000-7f6f2802c000 r--s 00004000 08:02 2362867                    /home/ivianuu/.gradle/caches/modules-2/files-2.1/org.jetbrains.kotlin/kotlin-sam-with-receiver/1.2.60/d923558a519d78aea5853cffb73edb18fba8efc9/kotlin-sam-with-receiver-1.2.60.jar
7f6f2802c000-7f6f28037000 r--s 00086000 08:02 2362868                    /home/ivianuu/.gradle/caches/modules-2/files-2.1/org.jetbrains.kotlin/kotlin-gradle-plugin/1.2.60/4bb67b63227007761b42be9f0a3e50efd4319412/kotlin-gradle-plugin-1.2.60.jar
7f6f28037000-7f6f28039000 r--s 00002000 08:02 2362869                    /home/ivianuu/.gradle/caches/modules-2/files-2.1/org.jetbrains.kotlin/kotlin-stdlib-jdk8/1.2.60/7d5d50242f2bd1bcb6663044fbc814e0f59255aa/kotlin-stdlib-jdk8-1.2.60.jar
7f6f28039000-7f6f2803c000 r--s 00013000 08:02 2362866                    /home/ivianuu/.gradle/caches/modules-2/files-2.1/gradle.plugin.org.gradle.kotlin/gradle-kotlin-dsl-plugins/1.0-rc-3/a8af2c1616e919ba84045f67e1a91b68adf109ab/gradle-kotlin-dsl-plugins-1.0-rc-3.jar
7f6f2803c000-7f6f2803f000 ---p 00000000 00:00 0 
7f6f2803f000-7f6f2813d000 rw-p 00000000 00:00 0 
7f6f2813d000-7f6f281b6000 r--s 010fd000 08:02 6686980                    /home/ivianuu/android-studio/jre/lib/tools.jar
7f6f281b6000-7f6f281b9000 ---p 00000000 00:00 0 
7f6f281b9000-7f6f282b7000 rw-p 00000000 00:00 0 
7f6f282b7000-7f6f282ba000 ---p 00000000 00:00 0 
7f6f282ba000-7f6f285b8000 rw-p 00000000 00:00 0 
7f6f285b8000-7f6f285bb000 ---p 00000000 00:00 0 
7f6f285bb000-7f6f286b9000 rw-p 00000000 00:00 0 
7f6f286b9000-7f6f286bc000 ---p 00000000 00:00 0 
7f6f286bc000-7f6f289ba000 rw-p 00000000 00:00 0 
7f6f289ba000-7f6f289bd000 ---p 00000000 00:00 0 
7f6f289bd000-7f6f28abb000 rw-p 00000000 00:00 0 
7f6f28abb000-7f6f28abe000 ---p 00000000 00:00 0 
7f6f28abe000-7f6f28bbc000 rw-p 00000000 00:00 0 
7f6f28bbc000-7f6f28bbf000 ---p 00000000 00:00 0 
7f6f28bbf000-7f6f28cbd000 rw-p 00000000 00:00 0 
7f6f28cbd000-7f6f28cc0000 ---p 00000000 00:00 0 
7f6f28cc0000-7f6f28dbe000 rw-p 00000000 00:00 0 
7f6f28dbe000-7f6f28dc1000 ---p 00000000 00:00 0 
7f6f28dc1000-7f6f28ebf000 rw-p 00000000 00:00 0 
7f6f28ebf000-7f6f28ec2000 ---p 00000000 00:00 0 
7f6f28ec2000-7f6f28fc0000 rw-p 00000000 00:00 0 
7f6f28fc0000-7f6f28fc3000 ---p 00000000 00:00 0 
7f6f28fc3000-7f6f290c1000 rw-p 00000000 00:00 0 
7f6f290c1000-7f6f290c8000 r--s 00000000 08:02 4459156                    /usr/lib/x86_64-linux-gnu/gconv/gconv-modules.cache
7f6f290c8000-7f6f290cb000 ---p 00000000 00:00 0 
7f6f290cb000-7f6f291c9000 rw-p 00000000 00:00 0 
7f6f291c9000-7f6f291ce000 r--s 0009a000 08:02 6298434                    /home/ivianuu/android-studio/jre/jre/lib/jsse.jar
7f6f291ce000-7f6f293ce000 rw-p 00000000 00:00 0 
7f6f293ce000-7f6f293d7000 r-xp 00000000 08:02 6298394                    /home/ivianuu/android-studio/jre/jre/lib/amd64/libmanagement.so
7f6f293d7000-7f6f295d6000 ---p 00009000 08:02 6298394                    /home/ivianuu/android-studio/jre/jre/lib/amd64/libmanagement.so
7f6f295d6000-7f6f295d7000 r--p 00008000 08:02 6298394                    /home/ivianuu/android-studio/jre/jre/lib/amd64/libmanagement.so
7f6f295d7000-7f6f295d8000 rw-p 00009000 08:02 6298394                    /home/ivianuu/android-studio/jre/jre/lib/amd64/libmanagement.so
7f6f295d8000-7f6f295da000 r--s 00009000 08:02 6819343                    /home/ivianuu/.gradle/wrapper/dists/gradle-4.10-all/54ye4nru8k2rpf7xwj15he4fo/gradle-4.10/lib/plugins/gradle-tooling-api-builders-4.10.jar
7f6f295da000-7f6f295dc000 r--s 00003000 08:02 6819326                    /home/ivianuu/.gradle/wrapper/dists/gradle-4.10-all/54ye4nru8k2rpf7xwj15he4fo/gradle-4.10/lib/plugins/gradle-tooling-native-4.10.jar
7f6f295dc000-7f6f295e0000 r--s 00019000 08:02 6819328                    /home/ivianuu/.gradle/wrapper/dists/gradle-4.10-all/54ye4nru8k2rpf7xwj15he4fo/gradle-4.10/lib/plugins/gradle-testing-native-4.10.jar
7f6f295e0000-7f6f295e2000 r--s 0000d000 08:02 6819436                    /home/ivianuu/.gradle/wrapper/dists/gradle-4.10-all/54ye4nru8k2rpf7xwj15he4fo/gradle-4.10/lib/plugins/jcommander-1.47.jar
7f6f295e2000-7f6f295eb000 r--s 00089000 08:02 6819399                    /home/ivianuu/.gradle/wrapper/dists/gradle-4.10-all/54ye4nru8k2rpf7xwj15he4fo/gradle-4.10/lib/plugins/testng-6.3.1.jar
7f6f295eb000-7f6f295f0000 r--s 0005a000 08:02 6819403                    /home/ivianuu/.gradle/wrapper/dists/gradle-4.10-all/54ye4nru8k2rpf7xwj15he4fo/gradle-4.10/lib/plugins/bsh-2.0b6.jar
7f6f295f0000-7f6f295f4000 r--s 0001c000 08:02 6819348                    /home/ivianuu/.gradle/wrapper/dists/gradle-4.10-all/54ye4nru8k2rpf7xwj15he4fo/gradle-4.10/lib/plugins/gradle-testing-jvm-4.10.jar
7f6f295f4000-7f6f295f6000 r--s 0000e000 08:02 6819434                    /home/ivianuu/.gradle/wrapper/dists/gradle-4.10-all/54ye4nru8k2rpf7xwj15he4fo/gradle-4.10/lib/plugins/junit-platform-commons-1.0.3.jar
7f6f295f6000-7f6f295f7000 r--s 00001000 08:02 6819439                    /home/ivianuu/.gradle/wrapper/dists/gradle-4.10-all/54ye4nru8k2rpf7xwj15he4fo/gradle-4.10/lib/plugins/opentest4j-1.0.0.jar
7f6f295f7000-7f6f295fa000 r--s 00013000 08:02 6819433                    /home/ivianuu/.gradle/wrapper/dists/gradle-4.10-all/54ye4nru8k2rpf7xwj15he4fo/gradle-4.10/lib/plugins/junit-platform-engine-1.0.3.jar
7f6f295fa000-7f6f295fb000 r--s 00000000 08:02 6819435                    /home/ivianuu/.gradle/wrapper/dists/gradle-4.10-all/54ye4nru8k2rpf7xwj15he4fo/gradle-4.10/lib/plugins/apiguardian-api-1.0.0.jar
7f6f295fb000-7f6f295fd000 r--s 0000c000 08:02 6819404                    /home/ivianuu/.gradle/wrapper/dists/gradle-4.10-all/54ye4nru8k2rpf7xwj15he4fo/gradle-4.10/lib/plugins/junit-platform-launcher-1.0.3.jar
7f6f295fd000-7f6f295fe000 r--s 00003000 08:02 6819347                    /home/ivianuu/.gradle/wrapper/dists/gradle-4.10-all/54ye4nru8k2rpf7xwj15he4fo/gradle-4.10/lib/plugins/gradle-testing-junit-platform-4.10.jar
7f6f295fe000-7f6f29606000 r--s 00034000 08:02 6819355                    /home/ivianuu/.gradle/wrapper/dists/gradle-4.10-all/54ye4nru8k2rpf7xwj15he4fo/gradle-4.10/lib/plugins/gradle-testing-base-4.10.jar
7f6f29606000-7f6f2960d000 r--s 00043000 08:02 6819394                    /home/ivianuu/.gradle/wrapper/dists/gradle-4.10-all/54ye4nru8k2rpf7xwj15he4fo/gradle-4.10/lib/plugins/bcpg-jdk15on-1.58.jar
7f6f2960d000-7f6f29610000 r--s 00010000 08:02 6819325                    /home/ivianuu/.gradle/wrapper/dists/gradle-4.10-all/54ye4nru8k2rpf7xwj15he4fo/gradle-4.10/lib/plugins/gradle-signing-4.10.jar
7f6f29610000-7f6f29612000 r--s 00007000 08:02 6819334                    /home/ivianuu/.gradle/wrapper/dists/gradle-4.10-all/54ye4nru8k2rpf7xwj15he4fo/gradle-4.10/lib/plugins/gradle-scala-4.10.jar
7f6f29612000-7f6f29613000 r--s 00004000 08:02 6819366                    /home/ivianuu/.gradle/wrapper/dists/gradle-4.10-all/54ye4nru8k2rpf7xwj15he4fo/gradle-4.10/lib/plugins/gradle-resources-sftp-4.10.jar
7f6f29613000-7f6f2961c000 r--s 0005a000 08:02 6819369                    /home/ivianuu/.gradle/wrapper/dists/gradle-4.10-all/54ye4nru8k2rpf7xwj15he4fo/gradle-4.10/lib/plugins/aws-java-sdk-kms-1.11.267.jar
7f6f2961c000-7f6f2961e000 r--s 00005000 08:02 6819409                    /home/ivianuu/.gradle/wrapper/dists/gradle-4.10-all/54ye4nru8k2rpf7xwj15he4fo/gradle-4.10/lib/plugins/jmespath-java-1.11.267.jar
7f6f2961e000-7f6f29630000 r--s 000bb000 08:02 6819368                    /home/ivianuu/.gradle/wrapper/dists/gradle-4.10-all/54ye4nru8k2rpf7xwj15he4fo/gradle-4.10/lib/plugins/aws-java-sdk-s3-1.11.267.jar
7f6f29630000-7f6f2963a000 r--s 00081000 08:02 6819430                    /home/ivianuu/.gradle/wrapper/dists/gradle-4.10-all/54ye4nru8k2rpf7xwj15he4fo/gradle-4.10/lib/plugins/ion-java-1.0.2.jar
7f6f2963a000-7f6f2964f000 r--s 000bd000 08:02 6819370                    /home/ivianuu/.gradle/wrapper/dists/gradle-4.10-all/54ye4nru8k2rpf7xwj15he4fo/gradle-4.10/lib/plugins/aws-java-sdk-core-1.11.267.jar
7f6f2964f000-7f6f29651000 r--s 00004000 08:02 6819362                    /home/ivianuu/.gradle/wrapper/dists/gradle-4.10-all/54ye4nru8k2rpf7xwj15he4fo/gradle-4.10/lib/plugins/gradle-resources-s3-4.10.jar
7f6f29651000-7f6f29661000 r--s 00088000 08:02 6819413                    /home/ivianuu/.gradle/wrapper/dists/gradle-4.10-all/54ye4nru8k2rpf7xwj15he4fo/gradle-4.10/lib/plugins/joda-time-2.8.2.jar
7f6f29661000-7f6f29674000 r--s 00136000 08:02 6819410                    /home/ivianuu/.gradle/wrapper/dists/gradle-4.10-all/54ye4nru8k2rpf7xwj15he4fo/gradle-4.10/lib/plugins/jackson-databind-2.9.4.jar
7f6f29674000-7f6f29677000 r--s 0000e000 08:02 6819412                    /home/ivianuu/.gradle/wrapper/dists/gradle-4.10-all/54ye4nru8k2rpf7xwj15he4fo/gradle-4.10/lib/plugins/jackson-annotations-2.9.4.jar
7f6f29677000-7f6f2967b000 r--s 0004b000 08:02 6819411                    /home/ivianuu/.gradle/wrapper/dists/gradle-4.10-all/54ye4nru8k2rpf7xwj15he4fo/gradle-4.10/lib/plugins/jackson-core-2.9.4.jar
7f6f2967b000-7f6f2967c000 r--s 00001000 08:02 6819377                    /home/ivianuu/.gradle/wrapper/dists/gradle-4.10-all/54ye4nru8k2rpf7xwj15he4fo/gradle-4.10/lib/plugins/google-http-client-jackson2-1.23.0.jar
7f6f2967c000-7f6f29685000 r--s 0004f000 08:02 6819378                    /home/ivianuu/.gradle/wrapper/dists/gradle-4.10-all/54ye4nru8k2rpf7xwj15he4fo/gradle-4.10/lib/plugins/google-http-client-1.23.0.jar
7f6f29685000-7f6f29688000 r--s 0000d000 08:02 6819376                    /home/ivianuu/.gradle/wrapper/dists/gradle-4.10-all/54ye4nru8k2rpf7xwj15he4fo/gradle-4.10/lib/plugins/google-oauth-client-1.23.0.jar
7f6f29688000-7f6f2968d000 r--s 0002c000 08:02 6819375                    /home/ivianuu/.gradle/wrapper/dists/gradle-4.10-all/54ye4nru8k2rpf7xwj15he4fo/gradle-4.10/lib/plugins/google-api-client-1.23.0.jar
7f6f2968d000-7f6f29691000 r--s 0001c000 08:02 6819374                    /home/ivianuu/.gradle/wrapper/dists/gradle-4.10-all/54ye4nru8k2rpf7xwj15he4fo/gradle-4.10/lib/plugins/google-api-services-storage-v1-rev116-1.23.0.jar
7f6f29691000-7f6f29693000 r--s 00003000 08:02 6819363                    /home/ivianuu/.gradle/wrapper/dists/gradle-4.10-all/54ye4nru8k2rpf7xwj15he4fo/gradle-4.10/lib/plugins/gradle-resources-gcs-4.10.jar
7f6f29693000-7f6f29696000 r--s 0000f000 08:02 6819361                    /home/ivianuu/.gradle/wrapper/dists/gradle-4.10-all/54ye4nru8k2rpf7xwj15he4fo/gradle-4.10/lib/plugins/gradle-reporting-4.10.jar
7f6f29696000-7f6f29698000 r--s 00007000 08:02 6819354                    /home/ivianuu/.gradle/wrapper/dists/gradle-4.10-all/54ye4nru8k2rpf7xwj15he4fo/gradle-4.10/lib/plugins/gradle-publish-4.10.jar
7f6f29698000-7f6f2969a000 r--s 00009000 08:02 6819385                    /home/ivianuu/.gradle/wrapper/dists/gradle-4.10-all/54ye4nru8k2rpf7xwj15he4fo/gradle-4.10/lib/plugins/commons-cli-1.2.jar
7f6f2969a000-7f6f296a0000 r--s 0003e000 08:02 6819342                    /home/ivianuu/.gradle/wrapper/dists/gradle-4.10-all/54ye4nru8k2rpf7xwj15he4fo/gradle-4.10/lib/plugins/gradle-plugins-4.10.jar
7f6f296a0000-7f6f296a2000 r--s 0000b000 08:02 6819330                    /home/ivianuu/.gradle/wrapper/dists/gradle-4.10-all/54ye4nru8k2rpf7xwj15he4fo/gradle-4.10/lib/plugins/gradle-plugin-development-4.10.jar
7f6f296a2000-7f6f296a8000 r--s 00030000 08:02 6819337                    /home/ivianuu/.gradle/wrapper/dists/gradle-4.10-all/54ye4nru8k2rpf7xwj15he4fo/gradle-4.10/lib/plugins/gradle-platform-play-4.10.jar
7f6f296a8000-7f6f296ae000 r--s 00033000 08:02 6819400                    /home/ivianuu/.gradle/wrapper/dists/gradle-4.10-all/54ye4nru8k2rpf7xwj15he4fo/gradle-4.10/lib/plugins/snakeyaml-1.6.jar
7f6f296ae000-7f6f296bf000 r--s 00075000 08:02 6819352                    /home/ivianuu/.gradle/wrapper/dists/gradle-4.10-all/54ye4nru8k2rpf7xwj15he4fo/gradle-4.10/lib/plugins/gradle-platform-native-4.10.jar
7f6f296bf000-7f6f296c3000 r--s 0001b000 08:02 6819351                    /home/ivianuu/.gradle/wrapper/dists/gradle-4.10-all/54ye4nru8k2rpf7xwj15he4fo/gradle-4.10/lib/plugins/gradle-platform-jvm-4.10.jar
7f6f296c3000-7f6f296ca000 r--s 00029000 08:02 6819356                    /home/ivianuu/.gradle/wrapper/dists/gradle-4.10-all/54ye4nru8k2rpf7xwj15he4fo/gradle-4.10/lib/plugins/gradle-platform-base-4.10.jar
7f6f296ca000-7f6f296f5000 r--s 00247000 08:02 6819386                    /home/ivianuu/.gradle/wrapper/dists/gradle-4.10-all/54ye4nru8k2rpf7xwj15he4fo/gradle-4.10/lib/plugins/biz.aQute.bndlib-3.4.0.jar
7f6f296f5000-7f6f296f6000 r--s 00004000 08:02 6819324                    /home/ivianuu/.gradle/wrapper/dists/gradle-4.10-all/54ye4nru8k2rpf7xwj15he4fo/gradle-4.10/lib/plugins/gradle-osgi-4.10.jar
7f6f296f6000-7f6f296f9000 r--s 0000c000 08:02 6819391                    /home/ivianuu/.gradle/wrapper/dists/gradle-4.10-all/54ye4nru8k2rpf7xwj15he4fo/gradle-4.10/lib/plugins/pmaven-groovy-0.8-20100325.jar
7f6f296f9000-7f6f296fa000 r--s 00004000 08:02 6819390                    /home/ivianuu/.gradle/wrapper/dists/gradle-4.10-all/54ye4nru8k2rpf7xwj15he4fo/gradle-4.10/lib/plugins/pmaven-common-0.8-20100325.jar
7f6f296fa000-7f6f296fb000 r--s 00007000 08:02 6819373                    /home/ivianuu/.gradle/wrapper/dists/gradle-4.10-all/54ye4nru8k2rpf7xwj15he4fo/gradle-4.10/lib/plugins/wagon-http-shared4-2.4.jar
7f6f296fb000-7f6f296fc000 r--s 00002000 08:02 6819372                    /home/ivianuu/.gradle/wrapper/dists/gradle-4.10-all/54ye4nru8k2rpf7xwj15he4fo/gradle-4.10/lib/plugins/wagon-http-2.4.jar
7f6f296fc000-7f6f296fd000 r--s 00002000 08:02 6819392                    /home/ivianuu/.gradle/wrapper/dists/gradle-4.10-all/54ye4nru8k2rpf7xwj15he4fo/gradle-4.10/lib/plugins/wagon-file-2.4.jar
7f6f296fd000-7f6f296ff000 r--s 00006000 08:02 6819393                    /home/ivianuu/.gradle/wrapper/dists/gradle-4.10-all/54ye4nru8k2rpf7xwj15he4fo/gradle-4.10/lib/plugins/aether-connector-wagon-1.13.1.jar
7f6f296ff000-7f6f29706000 r--s 0002d000 08:02 6819331                    /home/ivianuu/.gradle/wrapper/dists/gradle-4.10-all/54ye4nru8k2rpf7xwj15he4fo/gradle-4.10/lib/plugins/gradle-maven-4.10.jar
7f6f29706000-7f6f29708000 r--s 0000c000 08:02 6819346                    /home/ivianuu/.gradle/wrapper/dists/gradle-4.10-all/54ye4nru8k2rpf7xwj15he4fo/gradle-4.10/lib/plugins/gradle-language-scala-4.10.jar
7f6f29708000-7f6f29714000 r--s 0005d000 08:02 6819329                    /home/ivianuu/.gradle/wrapper/dists/gradle-4.10-all/54ye4nru8k2rpf7xwj15he4fo/gradle-4.10/lib/plugins/gradle-language-native-4.10.jar
7f6f29714000-7f6f29716000 r--s 00005000 08:02 6819350                    /home/ivianuu/.gradle/wrapper/dists/gradle-4.10-all/54ye4nru8k2rpf7xwj15he4fo/gradle-4.10/lib/plugins/gradle-language-jvm-4.10.jar
7f6f29716000-7f6f2971e000 r--s 0003e000 08:02 6819349                    /home/ivianuu/.gradle/wrapper/dists/gradle-4.10-all/54ye4nru8k2rpf7xwj15he4fo/gradle-4.10/lib/plugins/gradle-language-java-4.10.jar
7f6f2971e000-7f6f29720000 r--s 0000b000 08:02 6819345                    /home/ivianuu/.gradle/wrapper/dists/gradle-4.10-all/54ye4nru8k2rpf7xwj15he4fo/gradle-4.10/lib/plugins/gradle-language-groovy-4.10.jar
7f6f29720000-7f6f29727000 r--s 00035000 08:02 6819397                    /home/ivianuu/.gradle/wrapper/dists/gradle-4.10-all/54ye4nru8k2rpf7xwj15he4fo/gradle-4.10/lib/plugins/simple-4.1.21.jar
7f6f29727000-7f6f29733000 r--s 00100000 08:02 6819395                    /home/ivianuu/.gradle/wrapper/dists/gradle-4.10-all/54ye4nru8k2rpf7xwj15he4fo/gradle-4.10/lib/plugins/rhino-1.7R3.jar
7f6f29733000-7f6f29737000 r--s 00012000 08:02 6819338                    /home/ivianuu/.gradle/wrapper/dists/gradle-4.10-all/54ye4nru8k2rpf7xwj15he4fo/gradle-4.10/lib/plugins/gradle-javascript-4.10.jar
7f6f29737000-7f6f2973b000 r--s 00010000 08:02 6819340                    /home/ivianuu/.gradle/wrapper/dists/gradle-4.10-all/54ye4nru8k2rpf7xwj15he4fo/gradle-4.10/lib/plugins/gradle-jacoco-4.10.jar
7f6f2973b000-7f6f2973e000 r--s 00013000 08:02 6819339                    /home/ivianuu/.gradle/wrapper/dists/gradle-4.10-all/54ye4nru8k2rpf7xwj15he4fo/gradle-4.10/lib/plugins/gradle-ivy-4.10.jar
7f6f2973e000-7f6f2973f000 r--s 00002000 08:02 6819332                    /home/ivianuu/.gradle/wrapper/dists/gradle-4.10-all/54ye4nru8k2rpf7xwj15he4fo/gradle-4.10/lib/plugins/gradle-ide-play-4.10.jar
7f6f2973f000-7f6f29740000 r--s 00011000 08:02 6819401                    /home/ivianuu/.gradle/wrapper/dists/gradle-4.10-all/54ye4nru8k2rpf7xwj15he4fo/gradle-4.10/lib/plugins/dd-plist-1.20.jar
7f6f29740000-7f6f29747000 r--s 00032000 08:02 6819327                    /home/ivianuu/.gradle/wrapper/dists/gradle-4.10-all/54ye4nru8k2rpf7xwj15he4fo/gradle-4.10/lib/plugins/gradle-ide-native-4.10.jar
7f6f29747000-7f6f29751000 r--s 0005c000 08:02 6819333                    /home/ivianuu/.gradle/wrapper/dists/gradle-4.10-all/54ye4nru8k2rpf7xwj15he4fo/gradle-4.10/lib/plugins/gradle-ide-4.10.jar
7f6f29751000-7f6f29753000 r--s 00008000 08:02 6819336                    /home/ivianuu/.gradle/wrapper/dists/gradle-4.10-all/54ye4nru8k2rpf7xwj15he4fo/gradle-4.10/lib/plugins/gradle-ear-4.10.jar
7f6f29753000-7f6f29755000 r--s 00005000 08:02 6819384                    /home/ivianuu/.gradle/wrapper/dists/gradle-4.10-all/54ye4nru8k2rpf7xwj15he4fo/gradle-4.10/lib/plugins/jatl-0.2.2.jar
7f6f29755000-7f6f2975c000 r--s 0003d000 08:02 6819353                    /home/ivianuu/.gradle/wrapper/dists/gradle-4.10-all/54ye4nru8k2rpf7xwj15he4fo/gradle-4.10/lib/plugins/gradle-diagnostics-4.10.jar
7f6f2975c000-7f6f29761000 r--s 00028000 08:02 6819323                    /home/ivianuu/.gradle/wrapper/dists/gradle-4.10-all/54ye4nru8k2rpf7xwj15he4fo/gradle-4.10/lib/plugins/gradle-code-quality-4.10.jar
7f6f29761000-7f6f29763000 r--s 0000b000 08:02 6819398                    /home/ivianuu/.gradle/wrapper/dists/gradle-4.10-all/54ye4nru8k2rpf7xwj15he4fo/gradle-4.10/lib/plugins/maven-plugin-api-3.0.4.jar
7f6f29763000-7f6f29765000 r--s 0000b000 08:02 6819420                    /home/ivianuu/.gradle/wrapper/dists/gradle-4.10-all/54ye4nru8k2rpf7xwj15he4fo/gradle-4.10/lib/plugins/wagon-provider-api-2.4.jar
7f6f29765000-7f6f2976b000 r--s 0003f000 08:02 6819388                    /home/ivianuu/.gradle/wrapper/dists/gradle-4.10-all/54ye4nru8k2rpf7xwj15he4fo/gradle-4.10/lib/plugins/maven-compat-3.0.4.jar
7f6f2976b000-7f6f2976f000 r--s 0001d000 08:02 6819382                    /home/ivianuu/.gradle/wrapper/dists/gradle-4.10-all/54ye4nru8k2rpf7xwj15he4fo/gradle-4.10/lib/plugins/xbean-reflect-3.4.jar
7f6f2976f000-7f6f29771000 r--s 00009000 08:02 6819432                    /home/ivianuu/.gradle/wrapper/dists/gradle-4.10-all/54ye4nru8k2rpf7xwj15he4fo/gradle-4.10/lib/plugins/hamcrest-core-1.3.jar
7f6f29771000-7f6f29779000 r--s 00045000 08:02 6819402                    /home/ivianuu/.gradle/wrapper/dists/gradle-4.10-all/54ye4nru8k2rpf7xwj15he4fo/gradle-4.10/lib/plugins/junit-4.12.jar
7f6f29779000-7f6f2977b000 r--s 0000a000 08:02 6819421                    /home/ivianuu/.gradle/wrapper/dists/gradle-4.10-all/54ye4nru8k2rpf7xwj15he4fo/gradle-4.10/lib/plugins/plexus-classworlds-2.4.jar
7f6f2977b000-7f6f29782000 r--s 0002e000 08:02 6819381                    /home/ivianuu/.gradle/wrapper/dists/gradle-4.10-all/54ye4nru8k2rpf7xwj15he4fo/gradle-4.10/lib/plugins/plexus-container-default-1.5.5.jar
7f6f29782000-7f6f29788000 r--s 00026000 08:02 6819341                    /home/ivianuu/.gradle/wrapper/dists/gradle-4.10-all/54ye4nru8k2rpf7xwj15he4fo/gradle-4.10/lib/plugins/gradle-build-init-4.10.jar
7f6f29788000-7f6f2978f000 r--s 0002d000 08:02 6819335                    /home/ivianuu/.gradle/wrapper/dists/gradle-4.10-all/54ye4nru8k2rpf7xwj15he4fo/gradle-4.10/lib/plugins/gradle-build-comparison-4.10.jar
7f6f2978f000-7f6f29790000 r--s 00002000 08:02 6819364                    /home/ivianuu/.gradle/wrapper/dists/gradle-4.10-all/54ye4nru8k2rpf7xwj15he4fo/gradle-4.10/lib/plugins/gradle-build-cache-http-4.10.jar
7f6f29790000-7f6f29792000 r--s 00009000 08:02 6819322                    /home/ivianuu/.gradle/wrapper/dists/gradle-4.10-all/54ye4nru8k2rpf7xwj15he4fo/gradle-4.10/lib/plugins/gradle-antlr-4.10.jar
7f6f29792000-7f6f29794000 r--s 00004000 08:02 6819321                    /home/ivianuu/.gradle/wrapper/dists/gradle-4.10-all/54ye4nru8k2rpf7xwj15he4fo/gradle-4.10/lib/plugins/gradle-announce-4.10.jar
7f6f29794000-7f6f29796000 r--s 00011000 08:02 6819246                    /home/ivianuu/.gradle/wrapper/dists/gradle-4.10-all/54ye4nru8k2rpf7xwj15he4fo/gradle-4.10/lib/gradle-kotlin-dsl-tooling-builders-1.0-rc-3.jar
7f6f29796000-7f6f29798000 r--s 00005000 08:02 6819245                    /home/ivianuu/.gradle/wrapper/dists/gradle-4.10-all/54ye4nru8k2rpf7xwj15he4fo/gradle-4.10/lib/gradle-kotlin-dsl-provider-plugins-1.0-rc-3.jar
7f6f29798000-7f6f2979a000 r--s 0000c000 08:02 6819357                    /home/ivianuu/.gradle/wrapper/dists/gradle-4.10-all/54ye4nru8k2rpf7xwj15he4fo/gradle-4.10/lib/plugins/gradle-plugin-use-4.10.jar
7f6f2979a000-7f6f2979b000 r--s 00000000 08:02 6819257                    /home/ivianuu/.gradle/wrapper/dists/gradle-4.10-all/54ye4nru8k2rpf7xwj15he4fo/gradle-4.10/lib/gradle-runtime-api-info-4.10.jar
7f6f2979b000-7f6f297b4000 r--s 0013a000 08:02 6819407                    /home/ivianuu/.gradle/wrapper/dists/gradle-4.10-all/54ye4nru8k2rpf7xwj15he4fo/gradle-4.10/lib/plugins/xercesImpl-2.12.0.jar
7f6f297b4000-7f6f297b7000 r--s 0001c000 08:02 6819406                    /home/ivianuu/.gradle/wrapper/dists/gradle-4.10-all/54ye4nru8k2rpf7xwj15he4fo/gradle-4.10/lib/plugins/nekohtml-1.9.20.jar
7f6f297b7000-7f6f297bd000 r--s 0005b000 08:02 6819405                    /home/ivianuu/.gradle/wrapper/dists/gradle-4.10-all/54ye4nru8k2rpf7xwj15he4fo/gradle-4.10/lib/plugins/jcifs-1.3.17.jar
7f6f297bd000-7f6f297c0000 r--s 0000d000 08:02 6819365                    /home/ivianuu/.gradle/wrapper/dists/gradle-4.10-all/54ye4nru8k2rpf7xwj15he4fo/gradle-4.10/lib/plugins/gradle-resources-http-4.10.jar
7f6f297c0000-7f6f297c5000 r--s 00040000 08:02 6819408                    /home/ivianuu/.gradle/wrapper/dists/gradle-4.10-all/54ye4nru8k2rpf7xwj15he4fo/gradle-4.10/lib/plugins/jsch-0.1.54.jar
7f6f297c5000-7f6f297e8000 r--s 00223000 08:02 6819371                    /home/ivianuu/.gradle/wrapper/dists/gradle-4.10-all/54ye4nru8k2rpf7xwj15he4fo/gradle-4.10/lib/plugins/org.eclipse.jgit-4.5.3.201708160445-r.jar
7f6f297e8000-7f6f297ef000 r--s 00049000 08:02 6819431                    /home/ivianuu/.gradle/wrapper/dists/gradle-4.10-all/54ye4nru8k2rpf7xwj15he4fo/gradle-4.10/lib/plugins/httpcore-4.4.9.jar
7f6f297ef000-7f6f297f6000 r--s 0003f000 08:02 6819380                    /home/ivianuu/.gradle/wrapper/dists/gradle-4.10-all/54ye4nru8k2rpf7xwj15he4fo/gradle-4.10/lib/plugins/commons-codec-1.10.jar
7f6f297f6000-7f6f29804000 r--s 000ae000 08:02 6819379                    /home/ivianuu/.gradle/wrapper/dists/gradle-4.10-all/54ye4nru8k2rpf7xwj15he4fo/gradle-4.10/lib/plugins/httpclient-4.5.5.jar
7f6f29804000-7f6f29806000 r--s 0000c000 08:02 6819358                    /home/ivianuu/.gradle/wrapper/dists/gradle-4.10-all/54ye4nru8k2rpf7xwj15he4fo/gradle-4.10/lib/plugins/gradle-version-control-4.10.jar
7f6f29806000-7f6f29808000 r--s 0000d000 08:02 6819360                    /home/ivianuu/.gradle/wrapper/dists/gradle-4.10-all/54ye4nru8k2rpf7xwj15he4fo/gradle-4.10/lib/plugins/gradle-composite-builds-4.10.jar
7f6f29808000-7f6f29809000 r--s 00000000 08:02 6819260                    /home/ivianuu/.gradle/wrapper/dists/gradle-4.10-all/54ye4nru8k2rpf7xwj15he4fo/gradle-4.10/lib/gradle-installation-beacon-4.10.jar
7f6f29809000-7f6f2980b000 r--s 00006000 08:02 6819428                    /home/ivianuu/.gradle/wrapper/dists/gradle-4.10-all/54ye4nru8k2rpf7xwj15he4fo/gradle-4.10/lib/plugins/maven-repository-metadata-3.0.4.jar
7f6f2980b000-7f6f2980d000 r--s 0000c000 08:02 6819415                    /home/ivianuu/.gradle/wrapper/dists/gradle-4.10-all/54ye4nru8k2rpf7xwj15he4fo/gradle-4.10/lib/plugins/maven-aether-provider-3.0.4.jar
7f6f2980d000-7f6f29811000 r--s 00021000 08:02 6819422                    /home/ivianuu/.gradle/wrapper/dists/gradle-4.10-all/54ye4nru8k2rpf7xwj15he4fo/gradle-4.10/lib/plugins/maven-model-builder-3.0.4.jar
7f6f29811000-7f6f29813000 r--s 00026000 08:02 6819423                    /home/ivianuu/.gradle/wrapper/dists/gradle-4.10-all/54ye4nru8k2rpf7xwj15he4fo/gradle-4.10/lib/plugins/maven-model-3.0.4.jar
7f6f29813000-7f6f29815000 r--s 0000a000 08:02 6819426                    /home/ivianuu/.gradle/wrapper/dists/gradle-4.10-all/54ye4nru8k2rpf7xwj15he4fo/gradle-4.10/lib/plugins/maven-settings-3.0.4.jar
7f6f29815000-7f6f29817000 r--s 00002000 08:02 6819440                    /home/ivianuu/.gradle/wrapper/dists/gradle-4.10-all/54ye4nru8k2rpf7xwj15he4fo/gradle-4.10/lib/plugins/plexus-cipher-1.7.jar
7f6f29817000-7f6f29819000 r--s 0000d000 08:02 6819437                    /home/ivianuu/.gradle/wrapper/dists/gradle-4.10-all/54ye4nru8k2rpf7xwj15he4fo/gradle-4.10/lib/plugins/plexus-interpolation-1.14.jar
7f6f29819000-7f6f2981b000 r--s 00000000 08:02 6819438                    /home/ivianuu/.gradle/wrapper/dists/gradle-4.10-all/54ye4nru8k2rpf7xwj15he4fo/gradle-4.10/lib/plugins/plexus-component-annotations-1.5.5.jar
7f6f2981b000-7f6f2981e000 r--s 00008000 08:02 6819424                    /home/ivianuu/.gradle/wrapper/dists/gradle-4.10-all/54ye4nru8k2rpf7xwj15he4fo/gradle-4.10/lib/plugins/maven-settings-builder-3.0.4.jar
7f6f2981e000-7f6f29822000 r--s 00035000 08:02 6819429                    /home/ivianuu/.gradle/wrapper/dists/gradle-4.10-all/54ye4nru8k2rpf7xwj15he4fo/gradle-4.10/lib/plugins/plexus-utils-3.0.8.jar
7f6f29822000-7f6f29824000 r--s 0000b000 08:02 6819425                    /home/ivianuu/.gradle/wrapper/dists/gradle-4.10-all/54ye4nru8k2rpf7xwj15he4fo/gradle-4.10/lib/plugins/maven-artifact-3.0.4.jar
7f6f29824000-7f6f29827000 r--s 0001d000 08:02 6819416                    /home/ivianuu/.gradle/wrapper/dists/gradle-4.10-all/54ye4nru8k2rpf7xwj15he4fo/gradle-4.10/lib/plugins/aether-impl-1.13.1.jar
7f6f29827000-7f6f29833000 r--s 0007d000 08:02 6819389                    /home/ivianuu/.gradle/wrapper/dists/gradle-4.10-all/54ye4nru8k2rpf7xwj15he4fo/gradle-4.10/lib/plugins/maven-core-3.0.4.jar
7f6f29833000-7f6f29842000 r--s 000d9000 08:02 6819387                    /home/ivianuu/.gradle/wrapper/dists/gradle-4.10-all/54ye4nru8k2rpf7xwj15he4fo/gradle-4.10/lib/plugins/ivy-2.2.0.jar
7f6f29842000-7f6f29895000 r--s 00373000 08:02 6819414                    /home/ivianuu/.gradle/wrapper/dists/gradle-4.10-all/54ye4nru8k2rpf7xwj15he4fo/gradle-4.10/lib/plugins/bcprov-jdk15on-1.58.jar
7f6f29895000-7f6f298c5000 r--s 0018f000 08:02 6819359                    /home/ivianuu/.gradle/wrapper/dists/gradle-4.10-all/54ye4nru8k2rpf7xwj15he4fo/gradle-4.10/lib/plugins/gradle-dependency-management-4.10.jar
7f6f298c5000-7f6f298dc000 r-xp 00000000 08:02 4980825                    /lib/x86_64-linux-gnu/libgcc_s.so.1
7f6f298dc000-7f6f29adb000 ---p 00017000 08:02 4980825                    /lib/x86_64-linux-gnu/libgcc_s.so.1
7f6f29adb000-7f6f29adc000 r--p 00016000 08:02 4980825                    /lib/x86_64-linux-gnu/libgcc_s.so.1
7f6f29adc000-7f6f29add000 rw-p 00017000 08:02 4980825                    /lib/x86_64-linux-gnu/libgcc_s.so.1
7f6f29add000-7f6f29c56000 r-xp 00000000 08:02 4194601                    /usr/lib/x86_64-linux-gnu/libstdc++.so.6.0.25
7f6f29c56000-7f6f29e56000 ---p 00179000 08:02 4194601                    /usr/lib/x86_64-linux-gnu/libstdc++.so.6.0.25
7f6f29e56000-7f6f29e60000 r--p 00179000 08:02 4194601                    /usr/lib/x86_64-linux-gnu/libstdc++.so.6.0.25
7f6f29e60000-7f6f29e62000 rw-p 00183000 08:02 4194601                    /usr/lib/x86_64-linux-gnu/libstdc++.so.6.0.25
7f6f29e62000-7f6f29e66000 rw-p 00000000 00:00 0 
7f6f29e66000-7f6f29e67000 r--s 00006000 08:02 6819427                    /home/ivianuu/.gradle/wrapper/dists/gradle-4.10-all/54ye4nru8k2rpf7xwj15he4fo/gradle-4.10/lib/plugins/plexus-sec-dispatcher-1.3.jar
7f6f29e67000-7f6f29e68000 r--s 00003000 08:02 6819417                    /home/ivianuu/.gradle/wrapper/dists/gradle-4.10-all/54ye4nru8k2rpf7xwj15he4fo/gradle-4.10/lib/plugins/aether-spi-1.13.1.jar
7f6f29e68000-7f6f29e6c000 r--s 0001c000 08:02 6819418                    /home/ivianuu/.gradle/wrapper/dists/gradle-4.10-all/54ye4nru8k2rpf7xwj15he4fo/gradle-4.10/lib/plugins/aether-util-1.13.1.jar
7f6f29e6c000-7f6f29e6f000 r--s 00013000 08:02 6819419                    /home/ivianuu/.gradle/wrapper/dists/gradle-4.10-all/54ye4nru8k2rpf7xwj15he4fo/gradle-4.10/lib/plugins/aether-api-1.13.1.jar
7f6f29e6f000-7f6f29e74000 r--s 00034000 08:02 6819396                    /home/ivianuu/.gradle/wrapper/dists/gradle-4.10-all/54ye4nru8k2rpf7xwj15he4fo/gradle-4.10/lib/plugins/gson-2.7.jar
7f6f29e74000-7f6f29e76000 r--s 00012000 08:02 6819383                    /home/ivianuu/.gradle/wrapper/dists/gradle-4.10-all/54ye4nru8k2rpf7xwj15he4fo/gradle-4.10/lib/plugins/asm-util-6.2.jar
7f6f29e76000-7f6f29e78000 r--s 0000e000 08:02 6819367                    /home/ivianuu/.gradle/wrapper/dists/gradle-4.10-all/54ye4nru8k2rpf7xwj15he4fo/gradle-4.10/lib/plugins/gradle-workers-4.10.jar
7f6f29e78000-7f6f29e7d000 r-xp 00000000 08:02 6557094                    /home/ivianuu/.gradle/native/25/linux-amd64/libnative-platform.so
7f6f29e7d000-7f6f2a07c000 ---p 00005000 08:02 6557094                    /home/ivianuu/.gradle/native/25/linux-amd64/libnative-platform.so
7f6f2a07c000-7f6f2a07d000 rw-p 00004000 08:02 6557094                    /home/ivianuu/.gradle/native/25/linux-amd64/libnative-platform.so
7f6f2a07d000-7f6f2a08e000 r-xp 00000000 08:02 6298418                    /home/ivianuu/android-studio/jre/jre/lib/amd64/libnio.so
7f6f2a08e000-7f6f2a28d000 ---p 00011000 08:02 6298418                    /home/ivianuu/android-studio/jre/jre/lib/amd64/libnio.so
7f6f2a28d000-7f6f2a28e000 r--p 00010000 08:02 6298418                    /home/ivianuu/android-studio/jre/jre/lib/amd64/libnio.so
7f6f2a28e000-7f6f2a28f000 rw-p 00011000 08:02 6298418                    /home/ivianuu/android-studio/jre/jre/lib/amd64/libnio.so
7f6f2a28f000-7f6f2a2a5000 r-xp 00000000 08:02 6298427                    /home/ivianuu/android-studio/jre/jre/lib/amd64/libnet.so
7f6f2a2a5000-7f6f2a4a4000 ---p 00016000 08:02 6298427                    /home/ivianuu/android-studio/jre/jre/lib/amd64/libnet.so
7f6f2a4a4000-7f6f2a4a5000 r--p 00015000 08:02 6298427                    /home/ivianuu/android-studio/jre/jre/lib/amd64/libnet.so
7f6f2a4a5000-7f6f2a4a6000 rw-p 00016000 08:02 6298427                    /home/ivianuu/android-studio/jre/jre/lib/amd64/libnet.so
7f6f2a4a6000-7f6f2a4a8000 r--s 00006000 08:02 6819259                    /home/ivianuu/.gradle/wrapper/dists/gradle-4.10-all/54ye4nru8k2rpf7xwj15he4fo/gradle-4.10/lib/gradle-wrapper-4.10.jar
7f6f2a4a8000-7f6f2a4b7000 r--s 0004b000 08:02 6819258                    /home/ivianuu/.gradle/wrapper/dists/gradle-4.10-all/54ye4nru8k2rpf7xwj15he4fo/gradle-4.10/lib/gradle-tooling-api-4.10.jar
7f6f2a4b7000-7f6f2a4b9000 r--s 00002000 08:02 6819255                    /home/ivianuu/.gradle/wrapper/dists/gradle-4.10-all/54ye4nru8k2rpf7xwj15he4fo/gradle-4.10/lib/kotlin-stdlib-jdk8-1.2.60.jar
7f6f2a4b9000-7f6f2a4ba000 r--s 00000000 08:02 6819254                    /home/ivianuu/.gradle/wrapper/dists/gradle-4.10-all/54ye4nru8k2rpf7xwj15he4fo/gradle-4.10/lib/kotlin-stdlib-jdk7-1.2.60.jar
7f6f2a4ba000-7f6f2a4c0000 r--s 00015000 08:02 6819253                    /home/ivianuu/.gradle/wrapper/dists/gradle-4.10-all/54ye4nru8k2rpf7xwj15he4fo/gradle-4.10/lib/kotlin-stdlib-common-1.2.60.jar
7f6f2a4c0000-7f6f2a4d0000 r--s 000db000 08:02 6819252                    /home/ivianuu/.gradle/wrapper/dists/gradle-4.10-all/54ye4nru8k2rpf7xwj15he4fo/gradle-4.10/lib/kotlin-stdlib-1.2.60.jar
7f6f2a4d0000-7f6f2a4d2000 r--s 00009000 08:02 6819251                    /home/ivianuu/.gradle/wrapper/dists/gradle-4.10-all/54ye4nru8k2rpf7xwj15he4fo/gradle-4.10/lib/kotlin-script-runtime-1.2.60.jar
7f6f2a4d2000-7f6f2a4d3000 r--s 00002000 08:02 6819250                    /home/ivianuu/.gradle/wrapper/dists/gradle-4.10-all/54ye4nru8k2rpf7xwj15he4fo/gradle-4.10/lib/kotlin-sam-with-receiver-compiler-plugin-1.2.60.jar
7f6f2a4d3000-7f6f2a508000 r--s 00241000 08:02 6819249                    /home/ivianuu/.gradle/wrapper/dists/gradle-4.10-all/54ye4nru8k2rpf7xwj15he4fo/gradle-4.10/lib/kotlin-reflect-1.2.60.jar
7f6f2a508000-7f6f2a6d3000 r--s 019b6000 08:02 6819248                    /home/ivianuu/.gradle/wrapper/dists/gradle-4.10-all/54ye4nru8k2rpf7xwj15he4fo/gradle-4.10/lib/kotlin-compiler-embeddable-1.2.60.jar
7f6f2a6d3000-7f6f2a6d5000 r--s 00000000 08:02 6819247                    /home/ivianuu/.gradle/wrapper/dists/gradle-4.10-all/54ye4nru8k2rpf7xwj15he4fo/gradle-4.10/lib/gradle-kotlin-dsl-tooling-models-1.0-rc-3.jar
7f6f2a6d5000-7f6f2a6d7000 r--s 00003000 08:02 6819243                    /home/ivianuu/.gradle/wrapper/dists/gradle-4.10-all/54ye4nru8k2rpf7xwj15he4fo/gradle-4.10/lib/annotations-13.0.jar
7f6f2a6d7000-7f6f2a6ec000 r--s 00108000 08:02 6819244                    /home/ivianuu/.gradle/wrapper/dists/gradle-4.10-all/54ye4nru8k2rpf7xwj15he4fo/gradle-4.10/lib/gradle-kotlin-dsl-1.0-rc-3.jar
7f6f2a6ec000-7f6f2a6f0000 r--s 00013000 08:02 6819264                    /home/ivianuu/.gradle/wrapper/dists/gradle-4.10-all/54ye4nru8k2rpf7xwj15he4fo/gradle-4.10/lib/gradle-build-cache-4.10.jar
7f6f2a6f0000-7f6f2a6f6000 r--s 00034000 08:02 6819265                    /home/ivianuu/.gradle/wrapper/dists/gradle-4.10-all/54ye4nru8k2rpf7xwj15he4fo/gradle-4.10/lib/gradle-persistent-cache-4.10.jar
7f6f2a6f6000-7f6f2a6fb000 r--s 00015000 08:02 6819268                    /home/ivianuu/.gradle/wrapper/dists/gradle-4.10-all/54ye4nru8k2rpf7xwj15he4fo/gradle-4.10/lib/gradle-resources-4.10.jar
7f6f2a6fb000-7f6f2a6fc000 r--s 00003000 08:02 6819275                    /home/ivianuu/.gradle/wrapper/dists/gradle-4.10-all/54ye4nru8k2rpf7xwj15he4fo/gradle-4.10/lib/gradle-build-option-4.10.jar
7f6f2a6fc000-7f6f2a6fe000 r--s 00004000 08:02 6819288                    /home/ivianuu/.gradle/wrapper/dists/gradle-4.10-all/54ye4nru8k2rpf7xwj15he4fo/gradle-4.10/lib/log4j-over-slf4j-1.7.16.jar
7f6f2a6fe000-7f6f2a700000 r--s 00000000 08:02 6819287                    /home/ivianuu/.gradle/wrapper/dists/gradle-4.10-all/54ye4nru8k2rpf7xwj15he4fo/gradle-4.10/lib/jul-to-slf4j-1.7.16.jar
7f6f2a700000-7f6f2a702000 r--s 00003000 08:02 6819286                    /home/ivianuu/.gradle/wrapper/dists/gradle-4.10-all/54ye4nru8k2rpf7xwj15he4fo/gradle-4.10/lib/jcl-over-slf4j-1.7.16.jar
7f6f2a702000-7f6f2a70a000 r--s 00035000 08:02 6819266                    /home/ivianuu/.gradle/wrapper/dists/gradle-4.10-all/54ye4nru8k2rpf7xwj15he4fo/gradle-4.10/lib/gradle-logging-4.10.jar
7f6f2a70a000-7f6f2a719000 r--s 00085000 08:02 6819271                    /home/ivianuu/.gradle/wrapper/dists/gradle-4.10-all/54ye4nru8k2rpf7xwj15he4fo/gradle-4.10/lib/gradle-model-core-4.10.jar
7f6f2a719000-7f6f2a722000 r--s 0002d000 08:02 6819300                    /home/ivianuu/.gradle/wrapper/dists/gradle-4.10-all/54ye4nru8k2rpf7xwj15he4fo/gradle-4.10/lib/xml-apis-1.4.01.jar
7f6f2a722000-7f6f2a723000 ---p 00000000 00:00 0 
7f6f2a723000-7f6f2a823000 rw-p 00000000 00:00 0 
7f6f2a823000-7f6f2a826000 ---p 00000000 00:00 0 
7f6f2a826000-7f6f2a924000 rw-p 00000000 00:00 0 
7f6f2a924000-7f6f2a925000 ---p 00000000 00:00 0 
7f6f2a925000-7f6f2a928000 ---p 00000000 00:00 0 
7f6f2a928000-7f6f2aa25000 rw-p 00000000 00:00 0 
7f6f2aa25000-7f6f2aa26000 ---p 00000000 00:00 0 
7f6f2aa26000-7f6f2aa29000 ---p 00000000 00:00 0 
7f6f2aa29000-7f6f2ab26000 rw-p 00000000 00:00 0 
7f6f2ab26000-7f6f2ab27000 ---p 00000000 00:00 0 
7f6f2ab27000-7f6f2ab2a000 ---p 00000000 00:00 0 
7f6f2ab2a000-7f6f2ac27000 rw-p 00000000 00:00 0 
7f6f2ac27000-7f6f2ac2a000 ---p 00000000 00:00 0 
7f6f2ac2a000-7f6f2ad28000 rw-p 00000000 00:00 0 
7f6f2ad28000-7f6f2b6f7000 r--p 00000000 08:02 4200973                    /usr/lib/locale/locale-archive
7f6f2b6f7000-7f6f2b6fa000 ---p 00000000 00:00 0 
7f6f2b6fa000-7f6f2b7f8000 rw-p 00000000 00:00 0 
7f6f2b7f8000-7f6f2b7fb000 ---p 00000000 00:00 0 
7f6f2b7fb000-7f6f2b8f9000 rw-p 00000000 00:00 0 
7f6f2b8f9000-7f6f2b8fa000 ---p 00000000 00:00 0 
7f6f2b8fa000-7f6f2c000000 rw-p 00000000 00:00 0 
7f6f2c000000-7f6f2c04b000 rw-p 00000000 00:00 0 
7f6f2c04b000-7f6f30000000 ---p 00000000 00:00 0 
7f6f30000000-7f6f30001000 r--s 00006000 08:02 6819276                    /home/ivianuu/.gradle/wrapper/dists/gradle-4.10-all/54ye4nru8k2rpf7xwj15he4fo/gradle-4.10/lib/gradle-cli-4.10.jar
7f6f30001000-7f6f30003000 r--s 00006000 08:02 6819272                    /home/ivianuu/.gradle/wrapper/dists/gradle-4.10-all/54ye4nru8k2rpf7xwj15he4fo/gradle-4.10/lib/gradle-base-services-groovy-4.10.jar
7f6f30003000-7f6f30005000 r--s 00007000 08:02 6819270                    /home/ivianuu/.gradle/wrapper/dists/gradle-4.10-all/54ye4nru8k2rpf7xwj15he4fo/gradle-4.10/lib/gradle-model-groovy-4.10.jar
7f6f30005000-7f6f30006000 r--s 00006000 08:02 6819277                    /home/ivianuu/.gradle/wrapper/dists/gradle-4.10-all/54ye4nru8k2rpf7xwj15he4fo/gradle-4.10/lib/gradle-docs-4.10.jar
7f6f30006000-7f6f30007000 r--s 00000000 08:02 6819296                    /home/ivianuu/.gradle/wrapper/dists/gradle-4.10-all/54ye4nru8k2rpf7xwj15he4fo/gradle-4.10/lib/javax.inject-1.jar
7f6f30007000-7f6f30078000 r--s 00665000 08:02 6819294                    /home/ivianuu/.gradle/wrapper/dists/gradle-4.10-all/54ye4nru8k2rpf7xwj15he4fo/gradle-4.10/lib/groovy-all-2.4.15.jar
7f6f30078000-7f6f30082000 r--s 00078000 08:02 6819299                    /home/ivianuu/.gradle/wrapper/dists/gradle-4.10-all/54ye4nru8k2rpf7xwj15he4fo/gradle-4.10/lib/commons-compress-1.14.jar
7f6f30082000-7f6f3008f000 r--s 00083000 08:02 6819297                    /home/ivianuu/.gradle/wrapper/dists/gradle-4.10-all/54ye4nru8k2rpf7xwj15he4fo/gradle-4.10/lib/commons-collections-3.2.2.jar
7f6f3008f000-7f6f30090000 r--s 00007000 08:02 6819279                    /home/ivianuu/.gradle/wrapper/dists/gradle-4.10-all/54ye4nru8k2rpf7xwj15he4fo/gradle-4.10/lib/asm-analysis-6.2.jar
7f6f30090000-7f6f30092000 r--s 0000b000 08:02 6819280                    /home/ivianuu/.gradle/wrapper/dists/gradle-4.10-all/54ye4nru8k2rpf7xwj15he4fo/gradle-4.10/lib/asm-tree-6.2.jar
7f6f30092000-7f6f30094000 r--s 00012000 08:02 6819278                    /home/ivianuu/.gradle/wrapper/dists/gradle-4.10-all/54ye4nru8k2rpf7xwj15he4fo/gradle-4.10/lib/asm-commons-6.2.jar
7f6f30094000-7f6f30095000 r--s 00004000 08:02 6819303                    /home/ivianuu/.gradle/wrapper/dists/gradle-4.10-all/54ye4nru8k2rpf7xwj15he4fo/gradle-4.10/lib/native-platform-freebsd-amd64-libcpp-0.14.jar
7f6f30095000-7f6f30096000 r--s 00004000 08:02 6819304                    /home/ivianuu/.gradle/wrapper/dists/gradle-4.10-all/54ye4nru8k2rpf7xwj15he4fo/gradle-4.10/lib/native-platform-freebsd-amd64-libstdcpp-0.14.jar
7f6f30096000-7f6f30097000 r--s 00004000 08:02 6819305                    /home/ivianuu/.gradle/wrapper/dists/gradle-4.10-all/54ye4nru8k2rpf7xwj15he4fo/gradle-4.10/lib/native-platform-freebsd-i386-libcpp-0.14.jar
7f6f30097000-7f6f30098000 r--s 00003000 08:02 6819306                    /home/ivianuu/.gradle/wrapper/dists/gradle-4.10-all/54ye4nru8k2rpf7xwj15he4fo/gradle-4.10/lib/native-platform-freebsd-i386-libstdcpp-0.14.jar
7f6f30098000-7f6f30099000 r--s 00002000 08:02 6819307                    /home/ivianuu/.gradle/wrapper/dists/gradle-4.10-all/54ye4nru8k2rpf7xwj15he4fo/gradle-4.10/lib/native-platform-linux-amd64-0.14.jar
7f6f30099000-7f6f3009a000 r--s 00002000 08:02 6819308                    /home/ivianuu/.gradle/wrapper/dists/gradle-4.10-all/54ye4nru8k2rpf7xwj15he4fo/gradle-4.10/lib/native-platform-linux-i386-0.14.jar
7f6f3009a000-7f6f3009c000 r--s 00002000 08:02 6819309                    /home/ivianuu/.gradle/wrapper/dists/gradle-4.10-all/54ye4nru8k2rpf7xwj15he4fo/gradle-4.10/lib/native-platform-osx-amd64-0.14.jar
7f6f3009c000-7f6f3009e000 r--s 0000b000 08:02 6819311                    /home/ivianuu/.gradle/wrapper/dists/gradle-4.10-all/54ye4nru8k2rpf7xwj15he4fo/gradle-4.10/lib/native-platform-windows-amd64-0.14.jar
7f6f3009e000-7f6f34000000 rw-p 00000000 00:00 0 
7f6f34000000-7f6f34021000 rw-p 00000000 00:00 0 
7f6f34021000-7f6f38000000 ---p 00000000 00:00 0 
7f6f38000000-7f6f38001000 r--s 00003000 08:02 6819310                    /home/ivianuu/.gradle/wrapper/dists/gradle-4.10-all/54ye4nru8k2rpf7xwj15he4fo/gradle-4.10/lib/native-platform-osx-i386-0.14.jar
7f6f38001000-7f6f38002000 r--s 0000b000 08:02 6819312                    /home/ivianuu/.gradle/wrapper/dists/gradle-4.10-all/54ye4nru8k2rpf7xwj15he4fo/gradle-4.10/lib/native-platform-windows-i386-0.14.jar
7f6f38002000-7f6f38003000 r--s 00001000 08:02 6819313                    /home/ivianuu/.gradle/wrapper/dists/gradle-4.10-all/54ye4nru8k2rpf7xwj15he4fo/gradle-4.10/lib/native-platform-linux-amd64-ncurses5-0.14.jar
7f6f38003000-7f6f38004000 r--s 00001000 08:02 6819314                    /home/ivianuu/.gradle/wrapper/dists/gradle-4.10-all/54ye4nru8k2rpf7xwj15he4fo/gradle-4.10/lib/native-platform-linux-amd64-ncurses6-0.14.jar
7f6f38004000-7f6f38005000 r--s 00001000 08:02 6819315                    /home/ivianuu/.gradle/wrapper/dists/gradle-4.10-all/54ye4nru8k2rpf7xwj15he4fo/gradle-4.10/lib/native-platform-linux-i386-ncurses5-0.14.jar
7f6f38005000-7f6f38006000 r--s 00001000 08:02 6819316                    /home/ivianuu/.gradle/wrapper/dists/gradle-4.10-all/54ye4nru8k2rpf7xwj15he4fo/gradle-4.10/lib/native-platform-linux-i386-ncurses6-0.14.jar
7f6f38006000-7f6f3800a000 r--s 00012000 08:02 6819298                    /home/ivianuu/.gradle/wrapper/dists/gradle-4.10-all/54ye4nru8k2rpf7xwj15he4fo/gradle-4.10/lib/native-platform-0.14.jar
7f6f3800a000-7f6f3800d000 r--s 00023000 08:02 6819301                    /home/ivianuu/.gradle/wrapper/dists/gradle-4.10-all/54ye4nru8k2rpf7xwj15he4fo/gradle-4.10/lib/jansi-1.14.jar
7f6f3800d000-7f6f38011000 r--s 0000c000 08:02 6819269                    /home/ivianuu/.gradle/wrapper/dists/gradle-4.10-all/54ye4nru8k2rpf7xwj15he4fo/gradle-4.10/lib/gradle-native-4.10.jar
7f6f38011000-7f6f38013000 r--s 0000f000 08:02 6819282                    /home/ivianuu/.gradle/wrapper/dists/gradle-4.10-all/54ye4nru8k2rpf7xwj15he4fo/gradle-4.10/lib/reflectasm-1.07-shaded.jar
7f6f38013000-7f6f38015000 r--s 00000000 08:02 6819317                    /home/ivianuu/.gradle/wrapper/dists/gradle-4.10-all/54ye4nru8k2rpf7xwj15he4fo/gradle-4.10/lib/minlog-1.2.jar
7f6f38015000-7f6f38017000 r--s 00007000 08:02 6819318                    /home/ivianuu/.gradle/wrapper/dists/gradle-4.10-all/54ye4nru8k2rpf7xwj15he4fo/gradle-4.10/lib/objenesis-1.2.jar
7f6f38017000-7f6f3801b000 r--s 00026000 08:02 6819281                    /home/ivianuu/.gradle/wrapper/dists/gradle-4.10-all/54ye4nru8k2rpf7xwj15he4fo/gradle-4.10/lib/kryo-2.20.jar
7f6f3801b000-7f6f38022000 r--s 0002d000 08:02 6819273                    /home/ivianuu/.gradle/wrapper/dists/gradle-4.10-all/54ye4nru8k2rpf7xwj15he4fo/gradle-4.10/lib/gradle-messaging-4.10.jar
7f6f38022000-7f6f38024000 r--s 00006000 08:02 6819267                    /home/ivianuu/.gradle/wrapper/dists/gradle-4.10-all/54ye4nru8k2rpf7xwj15he4fo/gradle-4.10/lib/gradle-process-services-4.10.jar
7f6f38024000-7f6f38026000 r--s 00000000 08:02 6819262                    /home/ivianuu/.gradle/wrapper/dists/gradle-4.10-all/54ye4nru8k2rpf7xwj15he4fo/gradle-4.10/lib/gradle-jvm-services-4.10.jar
7f6f38026000-7f6f3804e000 r--s 001cf000 08:02 6819290                    /home/ivianuu/.gradle/wrapper/dists/gradle-4.10-all/54ye4nru8k2rpf7xwj15he4fo/gradle-4.10/lib/guava-jdk5-17.0.jar
7f6f3804e000-7f6f38052000 r--s 0002a000 08:02 6819284                    /home/ivianuu/.gradle/wrapper/dists/gradle-4.10-all/54ye4nru8k2rpf7xwj15he4fo/gradle-4.10/lib/commons-io-2.4.jar
7f6f38052000-7f6f38071000 r--s 001d9000 08:02 6819295                    /home/ivianuu/.gradle/wrapper/dists/gradle-4.10-all/54ye4nru8k2rpf7xwj15he4fo/gradle-4.10/lib/ant-1.9.11.jar
7f6f38071000-7f6f380b7000 r--s 00265000 08:02 6819261                    /home/ivianuu/.gradle/wrapper/dists/gradle-4.10-all/54ye4nru8k2rpf7xwj15he4fo/gradle-4.10/lib/gradle-core-4.10.jar
7f6f380b7000-7f6f39000000 rw-p 00000000 00:00 0 
7f6f39000000-7f6f39880000 rwxp 00000000 00:00 0 
7f6f39880000-7f6f48000000 ---p 00000000 00:00 0 
7f6f48000000-7f6f48ef3000 rw-p 00000000 00:00 0 
7f6f48ef3000-7f6f4c000000 ---p 00000000 00:00 0 
7f6f4c000000-7f6f4c002000 r--s 00006000 08:02 6819291                    /home/ivianuu/.gradle/wrapper/dists/gradle-4.10-all/54ye4nru8k2rpf7xwj15he4fo/gradle-4.10/lib/jsr305-2.0.1.jar
7f6f4c002000-7f6f4c00f000 r--s 00037000 08:02 6819263                    /home/ivianuu/.gradle/wrapper/dists/gradle-4.10-all/54ye4nru8k2rpf7xwj15he4fo/gradle-4.10/lib/gradle-core-api-4.10.jar
7f6f4c00f000-7f6f4c09f000 rw-p 00000000 00:00 0 
7f6f4c09f000-7f6f4c26f000 r--s 03c54000 08:02 6298390                    /home/ivianuu/android-studio/jre/jre/lib/rt.jar
7f6f4c26f000-7f6f4c6bb000 rw-p 00000000 00:00 0 
7f6f4c6bb000-7f6f4c6bc000 ---p 00000000 00:00 0 
7f6f4c6bc000-7f6f4c7bc000 rw-p 00000000 00:00 0 
7f6f4c7bc000-7f6f4c7bd000 ---p 00000000 00:00 0 
7f6f4c7bd000-7f6f4c8bd000 rw-p 00000000 00:00 0 
7f6f4c8bd000-7f6f4c8be000 ---p 00000000 00:00 0 
7f6f4c8be000-7f6f4c9be000 rw-p 00000000 00:00 0 
7f6f4c9be000-7f6f4c9bf000 ---p 00000000 00:00 0 
7f6f4c9bf000-7f6f4cad8000 rw-p 00000000 00:00 0 
7f6f4cad8000-7f6f4cd4e000 ---p 00000000 00:00 0 
7f6f4cd4e000-7f6f4cd67000 rw-p 00000000 00:00 0 
7f6f4cd67000-7f6f4cfdc000 ---p 00000000 00:00 0 
7f6f4cfdc000-7f6f4d023000 rw-p 00000000 00:00 0 
7f6f4d023000-7f6f4d124000 ---p 00000000 00:00 0 
7f6f4d124000-7f6f4d147000 rw-p 00000000 00:00 0 
7f6f4d147000-7f6f4d4e5000 ---p 00000000 00:00 0 
7f6f4d4e5000-7f6f4d4ff000 r-xp 00000000 08:02 6298426                    /home/ivianuu/android-studio/jre/jre/lib/amd64/libzip.so
7f6f4d4ff000-7f6f4d6fe000 ---p 0001a000 08:02 6298426                    /home/ivianuu/android-studio/jre/jre/lib/amd64/libzip.so
7f6f4d6fe000-7f6f4d6ff000 r--p 00019000 08:02 6298426                    /home/ivianuu/android-studio/jre/jre/lib/amd64/libzip.so
7f6f4d6ff000-7f6f4d700000 rw-p 0001a000 08:02 6298426                    /home/ivianuu/android-studio/jre/jre/lib/amd64/libzip.so
7f6f4d700000-7f6f4d70b000 r-xp 00000000 08:02 4985619                    /lib/x86_64-linux-gnu/libnss_files-2.27.so
7f6f4d70b000-7f6f4d90a000 ---p 0000b000 08:02 4985619                    /lib/x86_64-linux-gnu/libnss_files-2.27.so
7f6f4d90a000-7f6f4d90b000 r--p 0000a000 08:02 4985619                    /lib/x86_64-linux-gnu/libnss_files-2.27.so
7f6f4d90b000-7f6f4d90c000 rw-p 0000b000 08:02 4985619                    /lib/x86_64-linux-gnu/libnss_files-2.27.so
7f6f4d90c000-7f6f4d912000 rw-p 00000000 00:00 0 
7f6f4d912000-7f6f4d929000 r-xp 00000000 08:02 4985613                    /lib/x86_64-linux-gnu/libnsl-2.27.so
7f6f4d929000-7f6f4db28000 ---p 00017000 08:02 4985613                    /lib/x86_64-linux-gnu/libnsl-2.27.so
7f6f4db28000-7f6f4db29000 r--p 00016000 08:02 4985613                    /lib/x86_64-linux-gnu/libnsl-2.27.so
7f6f4db29000-7f6f4db2a000 rw-p 00017000 08:02 4985613                    /lib/x86_64-linux-gnu/libnsl-2.27.so
7f6f4db2a000-7f6f4db2c000 rw-p 00000000 00:00 0 
7f6f4db2c000-7f6f4db37000 r-xp 00000000 08:02 4985630                    /lib/x86_64-linux-gnu/libnss_nis-2.27.so
7f6f4db37000-7f6f4dd36000 ---p 0000b000 08:02 4985630                    /lib/x86_64-linux-gnu/libnss_nis-2.27.so
7f6f4dd36000-7f6f4dd37000 r--p 0000a000 08:02 4985630                    /lib/x86_64-linux-gnu/libnss_nis-2.27.so
7f6f4dd37000-7f6f4dd38000 rw-p 0000b000 08:02 4985630                    /lib/x86_64-linux-gnu/libnss_nis-2.27.so
7f6f4dd38000-7f6f4dd40000 r-xp 00000000 08:02 4985615                    /lib/x86_64-linux-gnu/libnss_compat-2.27.so
7f6f4dd40000-7f6f4df40000 ---p 00008000 08:02 4985615                    /lib/x86_64-linux-gnu/libnss_compat-2.27.so
7f6f4df40000-7f6f4df41000 r--p 00008000 08:02 4985615                    /lib/x86_64-linux-gnu/libnss_compat-2.27.so
7f6f4df41000-7f6f4df42000 rw-p 00009000 08:02 4985615                    /lib/x86_64-linux-gnu/libnss_compat-2.27.so
7f6f4df42000-7f6f4df6f000 r-xp 00000000 08:02 6298425                    /home/ivianuu/android-studio/jre/jre/lib/amd64/libjava.so
7f6f4df6f000-7f6f4e16e000 ---p 0002d000 08:02 6298425                    /home/ivianuu/android-studio/jre/jre/lib/amd64/libjava.so
7f6f4e16e000-7f6f4e16f000 r--p 0002c000 08:02 6298425                    /home/ivianuu/android-studio/jre/jre/lib/amd64/libjava.so
7f6f4e16f000-7f6f4e171000 rw-p 0002d000 08:02 6298425                    /home/ivianuu/android-studio/jre/jre/lib/amd64/libjava.so
7f6f4e171000-7f6f4e182000 r-xp 00000000 08:02 6298407                    /home/ivianuu/android-studio/jre/jre/lib/amd64/libverify.so
7f6f4e182000-7f6f4e381000 ---p 00011000 08:02 6298407                    /home/ivianuu/android-studio/jre/jre/lib/amd64/libverify.so
7f6f4e381000-7f6f4e383000 r--p 00010000 08:02 6298407                    /home/ivianuu/android-studio/jre/jre/lib/amd64/libverify.so
7f6f4e383000-7f6f4e384000 rw-p 00012000 08:02 6298407                    /home/ivianuu/android-studio/jre/jre/lib/amd64/libverify.so
7f6f4e384000-7f6f4e38b000 r-xp 00000000 08:02 4985670                    /lib/x86_64-linux-gnu/librt-2.27.so
7f6f4e38b000-7f6f4e58a000 ---p 00007000 08:02 4985670                    /lib/x86_64-linux-gnu/librt-2.27.so
7f6f4e58a000-7f6f4e58b000 r--p 00006000 08:02 4985670                    /lib/x86_64-linux-gnu/librt-2.27.so
7f6f4e58b000-7f6f4e58c000 rw-p 00007000 08:02 4985670                    /lib/x86_64-linux-gnu/librt-2.27.so
7f6f4e58c000-7f6f4e729000 r-xp 00000000 08:02 4985592                    /lib/x86_64-linux-gnu/libm-2.27.so
7f6f4e729000-7f6f4e928000 ---p 0019d000 08:02 4985592                    /lib/x86_64-linux-gnu/libm-2.27.so
7f6f4e928000-7f6f4e929000 r--p 0019c000 08:02 4985592                    /lib/x86_64-linux-gnu/libm-2.27.so
7f6f4e929000-7f6f4e92a000 rw-p 0019d000 08:02 4985592                    /lib/x86_64-linux-gnu/libm-2.27.so
7f6f4e92a000-7f6f4f596000 r-xp 00000000 08:02 6298400                    /home/ivianuu/android-studio/jre/jre/lib/amd64/server/libjvm.so
7f6f4f596000-7f6f4f796000 ---p 00c6c000 08:02 6298400                    /home/ivianuu/android-studio/jre/jre/lib/amd64/server/libjvm.so
7f6f4f796000-7f6f4f82a000 r--p 00c6c000 08:02 6298400                    /home/ivianuu/android-studio/jre/jre/lib/amd64/server/libjvm.so
7f6f4f82a000-7f6f4f852000 rw-p 00d00000 08:02 6298400                    /home/ivianuu/android-studio/jre/jre/lib/amd64/server/libjvm.so
7f6f4f852000-7f6f4f883000 rw-p 00000000 00:00 0 
7f6f4f883000-7f6f4fa6a000 r-xp 00000000 08:02 4985529                    /lib/x86_64-linux-gnu/libc-2.27.so
7f6f4fa6a000-7f6f4fc6a000 ---p 001e7000 08:02 4985529                    /lib/x86_64-linux-gnu/libc-2.27.so
7f6f4fc6a000-7f6f4fc6e000 r--p 001e7000 08:02 4985529                    /lib/x86_64-linux-gnu/libc-2.27.so
7f6f4fc6e000-7f6f4fc70000 rw-p 001eb000 08:02 4985529                    /lib/x86_64-linux-gnu/libc-2.27.so
7f6f4fc70000-7f6f4fc74000 rw-p 00000000 00:00 0 
7f6f4fc74000-7f6f4fc77000 r-xp 00000000 08:02 4985552                    /lib/x86_64-linux-gnu/libdl-2.27.so
7f6f4fc77000-7f6f4fe76000 ---p 00003000 08:02 4985552                    /lib/x86_64-linux-gnu/libdl-2.27.so
7f6f4fe76000-7f6f4fe77000 r--p 00002000 08:02 4985552                    /lib/x86_64-linux-gnu/libdl-2.27.so
7f6f4fe77000-7f6f4fe78000 rw-p 00003000 08:02 4985552                    /lib/x86_64-linux-gnu/libdl-2.27.so
7f6f4fe78000-7f6f4fe8e000 r-xp 00000000 08:02 6686991                    /home/ivianuu/android-studio/jre/lib/amd64/jli/libjli.so
7f6f4fe8e000-7f6f5008e000 ---p 00016000 08:02 6686991                    /home/ivianuu/android-studio/jre/lib/amd64/jli/libjli.so
7f6f5008e000-7f6f5008f000 r--p 00016000 08:02 6686991                    /home/ivianuu/android-studio/jre/lib/amd64/jli/libjli.so
7f6f5008f000-7f6f50090000 rw-p 00017000 08:02 6686991                    /home/ivianuu/android-studio/jre/lib/amd64/jli/libjli.so
7f6f50090000-7f6f500aa000 r-xp 00000000 08:02 4985662                    /lib/x86_64-linux-gnu/libpthread-2.27.so
7f6f500aa000-7f6f502a9000 ---p 0001a000 08:02 4985662                    /lib/x86_64-linux-gnu/libpthread-2.27.so
7f6f502a9000-7f6f502aa000 r--p 00019000 08:02 4985662                    /lib/x86_64-linux-gnu/libpthread-2.27.so
7f6f502aa000-7f6f502ab000 rw-p 0001a000 08:02 4985662                    /lib/x86_64-linux-gnu/libpthread-2.27.so
7f6f502ab000-7f6f502af000 rw-p 00000000 00:00 0 
7f6f502af000-7f6f502d6000 r-xp 00000000 08:02 4985501                    /lib/x86_64-linux-gnu/ld-2.27.so
7f6f502d6000-7f6f502d9000 r--s 0001a000 08:02 6819292                    /home/ivianuu/.gradle/wrapper/dists/gradle-4.10-all/54ye4nru8k2rpf7xwj15he4fo/gradle-4.10/lib/fastutil-7.2.1-min.jar
7f6f502d9000-7f6f502db000 r--s 0001a000 08:02 6819283                    /home/ivianuu/.gradle/wrapper/dists/gradle-4.10-all/54ye4nru8k2rpf7xwj15he4fo/gradle-4.10/lib/asm-6.2.jar
7f6f502db000-7f6f502e7000 r--s 00064000 08:02 6819274                    /home/ivianuu/.gradle/wrapper/dists/gradle-4.10-all/54ye4nru8k2rpf7xwj15he4fo/gradle-4.10/lib/gradle-base-services-4.10.jar
7f6f502e7000-7f6f502f4000 r--s 00068000 08:02 6819256                    /home/ivianuu/.gradle/wrapper/dists/gradle-4.10-all/54ye4nru8k2rpf7xwj15he4fo/gradle-4.10/lib/gradle-launcher-4.10.jar
7f6f502f4000-7f6f503bf000 rw-p 00000000 00:00 0 
7f6f503bf000-7f6f503c0000 ---p 00000000 00:00 0 
7f6f503c0000-7f6f503c3000 ---p 00000000 00:00 0 
7f6f503c3000-7f6f504c4000 rw-p 00000000 00:00 0 
7f6f504c4000-7f6f504c5000 r--s 00000000 08:02 6819293                    /home/ivianuu/.gradle/wrapper/dists/gradle-4.10-all/54ye4nru8k2rpf7xwj15he4fo/gradle-4.10/lib/jcip-annotations-1.0.jar
7f6f504c5000-7f6f504c6000 r--s 00009000 08:02 6819289                    /home/ivianuu/.gradle/wrapper/dists/gradle-4.10-all/54ye4nru8k2rpf7xwj15he4fo/gradle-4.10/lib/slf4j-api-1.7.16.jar
7f6f504c6000-7f6f504cb000 r--s 00041000 08:02 6819285                    /home/ivianuu/.gradle/wrapper/dists/gradle-4.10-all/54ye4nru8k2rpf7xwj15he4fo/gradle-4.10/lib/commons-lang-2.6.jar
7f6f504cb000-7f6f504cc000 r--s 00004000 08:02 6819302                    /home/ivianuu/.gradle/wrapper/dists/gradle-4.10-all/54ye4nru8k2rpf7xwj15he4fo/gradle-4.10/lib/ant-launcher-1.9.11.jar
7f6f504cc000-7f6f504d4000 rw-s 00000000 08:02 2499585                    /tmp/hsperfdata_ivianuu/3098
7f6f504d4000-7f6f504d5000 rw-p 00000000 00:00 0 
7f6f504d5000-7f6f504d6000 ---p 00000000 00:00 0 
7f6f504d6000-7f6f504d7000 r--p 00027000 08:02 4985501                    /lib/x86_64-linux-gnu/ld-2.27.so
7f6f504d7000-7f6f504d8000 rw-p 00028000 08:02 4985501                    /lib/x86_64-linux-gnu/ld-2.27.so
7f6f504d8000-7f6f504d9000 rw-p 00000000 00:00 0 
7ffdc1a61000-7ffdc1a82000 rw-p 00000000 00:00 0                          [stack]
7ffdc1ac7000-7ffdc1aca000 r--p 00000000 00:00 0                          [vvar]
7ffdc1aca000-7ffdc1acc000 r-xp 00000000 00:00 0                          [vdso]
ffffffffff600000-ffffffffff601000 r-xp 00000000 00:00 0                  [vsyscall]

VM Arguments:
jvm_args: -Dfile.encoding=UTF-8 -Duser.country=US -Duser.language=en -Duser.variant 
java_command: org.gradle.launcher.daemon.bootstrap.GradleDaemon 4.10
java_class_path (initial): /home/ivianuu/.gradle/wrapper/dists/gradle-4.10-all/54ye4nru8k2rpf7xwj15he4fo/gradle-4.10/lib/gradle-launcher-4.10.jar
Launcher Type: SUN_STANDARD

Environment Variables:
JAVA_HOME=/usr/lib/jvm/java-8-oracle
PATH=/usr/local/sbin:/usr/local/bin:/usr/sbin:/usr/bin:/sbin:/bin:/usr/games:/usr/local/games:/snap/bin:/usr/lib/jvm/java-8-oracle/bin:/usr/lib/jvm/java-8-oracle/db/bin:/usr/lib/jvm/java-8-oracle/jre/bin
USERNAME=ivianuu
SHELL=/bin/bash
DISPLAY=:0

Signal Handlers:
SIGSEGV: [libjvm.so+0xa71670], sa_mask[0]=11111111011111111101111111111110, sa_flags=SA_RESTART|SA_SIGINFO
SIGBUS: [libjvm.so+0xa71670], sa_mask[0]=11111111011111111101111111111110, sa_flags=SA_RESTART|SA_SIGINFO
SIGFPE: [libjvm.so+0x8b1780], sa_mask[0]=11111111011111111101111111111110, sa_flags=SA_RESTART|SA_SIGINFO
SIGPIPE: [libjvm.so+0x8b1780], sa_mask[0]=11111111011111111101111111111110, sa_flags=SA_RESTART|SA_SIGINFO
SIGXFSZ: [libjvm.so+0x8b1780], sa_mask[0]=11111111011111111101111111111110, sa_flags=SA_RESTART|SA_SIGINFO
SIGILL: [libjvm.so+0x8b1780], sa_mask[0]=11111111011111111101111111111110, sa_flags=SA_RESTART|SA_SIGINFO
SIGUSR1: SIG_DFL, sa_mask[0]=00000000000000000000000000000000, sa_flags=none
SIGUSR2: [libjvm.so+0x8b1650], sa_mask[0]=00100000000000000000000000000000, sa_flags=SA_RESTART|SA_SIGINFO
SIGHUP: [libjvm.so+0x8b1ab0], sa_mask[0]=11111111011111111101111111111110, sa_flags=SA_RESTART|SA_SIGINFO
SIGINT: [libjvm.so+0x8b1ab0], sa_mask[0]=11111111011111111101111111111110, sa_flags=SA_RESTART|SA_SIGINFO
SIGTERM: [libjvm.so+0x8b1ab0], sa_mask[0]=11111111011111111101111111111110, sa_flags=SA_RESTART|SA_SIGINFO
SIGQUIT: [libjvm.so+0x8b1ab0], sa_mask[0]=11111111011111111101111111111110, sa_flags=SA_RESTART|SA_SIGINFO


---------------  S Y S T E M  ---------------

OS:DISTRIB_ID=Ubuntu
DISTRIB_RELEASE=18.04
DISTRIB_CODENAME=bionic
DISTRIB_DESCRIPTION="Ubuntu 18.04.1 LTS"

uname:Linux 4.15.0-39-generic #42-Ubuntu SMP Tue Oct 23 15:48:01 UTC 2018 x86_64
libc:glibc 2.27 NPTL 2.27 
rlimit: STACK 8192k, CORE 0k, NPROC 30928, NOFILE 1048576, AS infinity
load average:17,04 6,20 3,50

/proc/meminfo:
MemTotal:        8039152 kB
MemFree:          106784 kB
MemAvailable:       1268 kB
Buffers:            1224 kB
Cached:           117832 kB
SwapCached:         1516 kB
Active:          6784164 kB
Inactive:         856568 kB
Active(anon):    6777880 kB
Inactive(anon):   847392 kB
Active(file):       6284 kB
Inactive(file):     9176 kB
Unevictable:         616 kB
Mlocked:             616 kB
SwapTotal:       2097148 kB
SwapFree:              0 kB
Dirty:               216 kB
Writeback:            16 kB
AnonPages:       7521328 kB
Mapped:            31256 kB
Shmem:            103216 kB
Slab:             115168 kB
SReclaimable:      55484 kB
SUnreclaim:        59684 kB
KernelStack:       13760 kB
PageTables:        61436 kB
NFS_Unstable:          0 kB
Bounce:                0 kB
WritebackTmp:          0 kB
CommitLimit:     6116724 kB
Committed_AS:   15002200 kB
VmallocTotal:   34359738367 kB
VmallocUsed:           0 kB
VmallocChunk:          0 kB
HardwareCorrupted:     0 kB
AnonHugePages:         0 kB
ShmemHugePages:        0 kB
ShmemPmdMapped:        0 kB
CmaTotal:              0 kB
CmaFree:               0 kB
HugePages_Total:       0
HugePages_Free:        0
HugePages_Rsvd:        0
HugePages_Surp:        0
Hugepagesize:       2048 kB
DirectMap4k:      264440 kB
DirectMap2M:     7995392 kB
DirectMap1G:           0 kB


CPU:total 4 (initial active 4) (2 cores per cpu, 2 threads per core) family 6 model 78 stepping 3, cmov, cx8, fxsr, mmx, sse, sse2, sse3, ssse3, sse4.1, sse4.2, popcnt, avx, avx2, aes, clmul, erms, 3dnowpref, lzcnt, ht, tsc, tscinvbit, bmi1, bmi2, adx

/proc/cpuinfo:
processor	: 0
vendor_id	: GenuineIntel
cpu family	: 6
model		: 78
model name	: Intel(R) Core(TM) i5-6200U CPU @ 2.30GHz
stepping	: 3
microcode	: 0xc6
cpu MHz		: 1843.048
cache size	: 3072 KB
physical id	: 0
siblings	: 4
core id		: 0
cpu cores	: 2
apicid		: 0
initial apicid	: 0
fpu		: yes
fpu_exception	: yes
cpuid level	: 22
wp		: yes
flags		: fpu vme de pse tsc msr pae mce cx8 apic sep mtrr pge mca cmov pat pse36 clflush dts acpi mmx fxsr sse sse2 ss ht tm pbe syscall nx pdpe1gb rdtscp lm constant_tsc art arch_perfmon pebs bts rep_good nopl xtopology nonstop_tsc cpuid aperfmperf tsc_known_freq pni pclmulqdq dtes64 monitor ds_cpl vmx est tm2 ssse3 sdbg fma cx16 xtpr pdcm pcid sse4_1 sse4_2 x2apic movbe popcnt tsc_deadline_timer aes xsave avx f16c rdrand lahf_lm abm 3dnowprefetch cpuid_fault epb invpcid_single pti ssbd ibrs ibpb stibp tpr_shadow vnmi flexpriority ept vpid fsgsbase tsc_adjust bmi1 avx2 smep bmi2 erms invpcid mpx rdseed adx smap clflushopt intel_pt xsaveopt xsavec xgetbv1 xsaves dtherm ida arat pln pts hwp hwp_notify hwp_act_window hwp_epp flush_l1d
bugs		: cpu_meltdown spectre_v1 spectre_v2 spec_store_bypass l1tf
bogomips	: 4800.00
clflush size	: 64
cache_alignment	: 64
address sizes	: 39 bits physical, 48 bits virtual
power management:

processor	: 1
vendor_id	: GenuineIntel
cpu family	: 6
model		: 78
model name	: Intel(R) Core(TM) i5-6200U CPU @ 2.30GHz
stepping	: 3
microcode	: 0xc6
cpu MHz		: 1745.552
cache size	: 3072 KB
physical id	: 0
siblings	: 4
core id		: 1
cpu cores	: 2
apicid		: 2
initial apicid	: 2
fpu		: yes
fpu_exception	: yes
cpuid level	: 22
wp		: yes
flags		: fpu vme de pse tsc msr pae mce cx8 apic sep mtrr pge mca cmov pat pse36 clflush dts acpi mmx fxsr sse sse2 ss ht tm pbe syscall nx pdpe1gb rdtscp lm constant_tsc art arch_perfmon pebs bts rep_good nopl xtopology nonstop_tsc cpuid aperfmperf tsc_known_freq pni pclmulqdq dtes64 monitor ds_cpl vmx est tm2 ssse3 sdbg fma cx16 xtpr pdcm pcid sse4_1 sse4_2 x2apic movbe popcnt tsc_deadline_timer aes xsave avx f16c rdrand lahf_lm abm 3dnowprefetch cpuid_fault epb invpcid_single pti ssbd ibrs ibpb stibp tpr_shadow vnmi flexpriority ept vpid fsgsbase tsc_adjust bmi1 avx2 smep bmi2 erms invpcid mpx rdseed adx smap clflushopt intel_pt xsaveopt xsavec xgetbv1 xsaves dtherm ida arat pln pts hwp hwp_notify hwp_act_window hwp_epp flush_l1d
bugs		: cpu_meltdown spectre_v1 spectre_v2 spec_store_bypass l1tf
bogomips	: 4800.00
clflush size	: 64
cache_alignment	: 64
address sizes	: 39 bits physical, 48 bits virtual
power management:

processor	: 2
vendor_id	: GenuineIntel
cpu family	: 6
model		: 78
model name	: Intel(R) Core(TM) i5-6200U CPU @ 2.30GHz
stepping	: 3
microcode	: 0xc6
cpu MHz		: 1810.052
cache size	: 3072 KB
physical id	: 0
siblings	: 4
core id		: 0
cpu cores	: 2
apicid		: 1
initial apicid	: 1
fpu		: yes
fpu_exception	: yes
cpuid level	: 22
wp		: yes
flags		: fpu vme de pse tsc msr pae mce cx8 apic sep mtrr pge mca cmov pat pse36 clflush dts acpi mmx fxsr sse sse2 ss ht tm pbe syscall nx pdpe1gb rdtscp lm constant_tsc art arch_perfmon pebs bts rep_good nopl xtopology nonstop_tsc cpuid aperfmperf tsc_known_freq pni pclmulqdq dtes64 monitor ds_cpl vmx est tm2 ssse3 sdbg fma cx16 xtpr pdcm pcid sse4_1 sse4_2 x2apic movbe popcnt tsc_deadline_timer aes xsave avx f16c rdrand lahf_lm abm 3dnowprefetch cpuid_fault epb invpcid_single pti ssbd ibrs ibpb stibp tpr_shadow vnmi flexpriority ept vpid fsgsbase tsc_adjust bmi1 avx2 smep bmi2 erms invpcid mpx rdseed adx smap clflushopt intel_pt xsaveopt xsavec xgetbv1 xsaves dtherm ida arat pln pts hwp hwp_notify hwp_act_window hwp_epp flush_l1d
bugs		: cpu_meltdown spectre_v1 spectre_v2 spec_store_bypass l1tf
bogomips	: 4800.00
clflush size	: 64
cache_alignment	: 64
address sizes	: 39 bits physical, 48 bits virtual
power management:

processor	: 3
vendor_id	: GenuineIntel
cpu family	: 6
model		: 78
model name	: Intel(R) Core(TM) i5-6200U CPU @ 2.30GHz
stepping	: 3
microcode	: 0xc6
cpu MHz		: 1866.566
cache size	: 3072 KB
physical id	: 0
siblings	: 4
core id		: 1
cpu cores	: 2
apicid		: 3
initial apicid	: 3
fpu		: yes
fpu_exception	: yes
cpuid level	: 22
wp		: yes
flags		: fpu vme de pse tsc msr pae mce cx8 apic sep mtrr pge mca cmov pat pse36 clflush dts acpi mmx fxsr sse sse2 ss ht tm pbe syscall nx pdpe1gb rdtscp lm constant_tsc art arch_perfmon pebs bts rep_good nopl xtopology nonstop_tsc cpuid aperfmperf tsc_known_freq pni pclmulqdq dtes64 monitor ds_cpl vmx est tm2 ssse3 sdbg fma cx16 xtpr pdcm pcid sse4_1 sse4_2 x2apic movbe popcnt tsc_deadline_timer aes xsave avx f16c rdrand lahf_lm abm 3dnowprefetch cpuid_fault epb invpcid_single pti ssbd ibrs ibpb stibp tpr_shadow vnmi flexpriority ept vpid fsgsbase tsc_adjust bmi1 avx2 smep bmi2 erms invpcid mpx rdseed adx smap clflushopt intel_pt xsaveopt xsavec xgetbv1 xsaves dtherm ida arat pln pts hwp hwp_notify hwp_act_window hwp_epp flush_l1d
bugs		: cpu_meltdown spectre_v1 spectre_v2 spec_store_bypass l1tf
bogomips	: 4800.00
clflush size	: 64
cache_alignment	: 64
address sizes	: 39 bits physical, 48 bits virtual
power management:



Memory: 4k page, physical 8039152k(109484k free), swap 2097148k(4k free)

vm_info: OpenJDK 64-Bit Server VM (25.152-b06) for linux-amd64 JRE (1.8.0_152-release-1136-b06), built by "builder" with gcc 7.3.0

time: Mon Nov 26 20:13:46 2018
elapsed time: 37 seconds (0d 0h 0m 37s)

